{"/Users/staff/Desktop/Katie's Code/CORE COURSE/NODE-JS/Cumulative Project 2/app.js": {"path":"/Users/staff/Desktop/Katie's Code/CORE COURSE/NODE-JS/Cumulative Project 2/app.js","statementMap":{"0":{"start":{"line":5,"column":16},"end":{"line":5,"column":34}},"1":{"start":{"line":6,"column":13},"end":{"line":6,"column":28}},"2":{"start":{"line":8,"column":26},"end":{"line":8,"column":51}},"3":{"start":{"line":10,"column":28},"end":{"line":10,"column":56}},"4":{"start":{"line":11,"column":19},"end":{"line":11,"column":43}},"5":{"start":{"line":12,"column":24},"end":{"line":12,"column":53}},"6":{"start":{"line":13,"column":20},"end":{"line":13,"column":45}},"7":{"start":{"line":14,"column":19},"end":{"line":14,"column":43}},"8":{"start":{"line":16,"column":15},"end":{"line":16,"column":32}},"9":{"start":{"line":18,"column":12},"end":{"line":18,"column":21}},"10":{"start":{"line":20,"column":0},"end":{"line":20,"column":16}},"11":{"start":{"line":21,"column":0},"end":{"line":21,"column":24}},"12":{"start":{"line":22,"column":0},"end":{"line":22,"column":24}},"13":{"start":{"line":23,"column":0},"end":{"line":23,"column":25}},"14":{"start":{"line":25,"column":0},"end":{"line":25,"column":29}},"15":{"start":{"line":26,"column":0},"end":{"line":26,"column":39}},"16":{"start":{"line":27,"column":0},"end":{"line":27,"column":31}},"17":{"start":{"line":28,"column":0},"end":{"line":28,"column":29}},"18":{"start":{"line":31,"column":0},"end":{"line":33,"column":3}},"19":{"start":{"line":32,"column":2},"end":{"line":32,"column":35}},"20":{"start":{"line":36,"column":0},"end":{"line":45,"column":3}},"21":{"start":{"line":37,"column":2},"end":{"line":38,"column":29}},"22":{"start":{"line":38,"column":4},"end":{"line":38,"column":29}},"23":{"start":{"line":39,"column":17},"end":{"line":39,"column":34}},"24":{"start":{"line":40,"column":18},"end":{"line":40,"column":29}},"25":{"start":{"line":42,"column":2},"end":{"line":44,"column":5}},"26":{"start":{"line":47,"column":0},"end":{"line":47,"column":21}}},"fnMap":{"0":{"name":"(anonymous_0)","decl":{"start":{"line":31,"column":8},"end":{"line":31,"column":9}},"loc":{"start":{"line":31,"column":34},"end":{"line":33,"column":1}},"line":31},"1":{"name":"(anonymous_1)","decl":{"start":{"line":36,"column":8},"end":{"line":36,"column":9}},"loc":{"start":{"line":36,"column":39},"end":{"line":45,"column":1}},"line":36}},"branchMap":{"0":{"loc":{"start":{"line":37,"column":2},"end":{"line":38,"column":29}},"type":"if","locations":[{"start":{"line":37,"column":2},"end":{"line":38,"column":29}},{"start":{},"end":{}}],"line":37},"1":{"loc":{"start":{"line":39,"column":17},"end":{"line":39,"column":34}},"type":"binary-expr","locations":[{"start":{"line":39,"column":17},"end":{"line":39,"column":27}},{"start":{"line":39,"column":31},"end":{"line":39,"column":34}}],"line":39}},"s":{"0":5,"1":5,"2":5,"3":5,"4":5,"5":5,"6":5,"7":5,"8":5,"9":5,"10":5,"11":5,"12":5,"13":5,"14":5,"15":5,"16":5,"17":5,"18":5,"19":2,"20":5,"21":57,"22":1,"23":57,"24":57,"25":57,"26":5},"f":{"0":2,"1":57},"b":{"0":[1,56],"1":[57,3]},"_coverageSchema":"1a1c01bbd47fc00a2c39e90264f33305004495a9","hash":"bc40e0209e4aba6daed5c0ae9daed69cec2b0754"}
,"/Users/staff/Desktop/Katie's Code/CORE COURSE/NODE-JS/Cumulative Project 2/config.js": {"path":"/Users/staff/Desktop/Katie's Code/CORE COURSE/NODE-JS/Cumulative Project 2/config.js","statementMap":{"0":{"start":{"line":5,"column":0},"end":{"line":5,"column":27}},"1":{"start":{"line":6,"column":0},"end":{"line":6,"column":18}},"2":{"start":{"line":8,"column":19},"end":{"line":8,"column":57}},"3":{"start":{"line":10,"column":13},"end":{"line":10,"column":38}},"4":{"start":{"line":14,"column":2},"end":{"line":16,"column":44}},"5":{"start":{"line":22,"column":27},"end":{"line":22,"column":67}},"6":{"start":{"line":24,"column":0},"end":{"line":24,"column":35}},"7":{"start":{"line":25,"column":0},"end":{"line":25,"column":46}},"8":{"start":{"line":26,"column":0},"end":{"line":26,"column":45}},"9":{"start":{"line":27,"column":0},"end":{"line":27,"column":61}},"10":{"start":{"line":28,"column":0},"end":{"line":28,"column":50}},"11":{"start":{"line":29,"column":0},"end":{"line":29,"column":19}},"12":{"start":{"line":31,"column":0},"end":{"line":36,"column":2}}},"fnMap":{"0":{"name":"getDatabaseUri","decl":{"start":{"line":13,"column":9},"end":{"line":13,"column":23}},"loc":{"start":{"line":13,"column":26},"end":{"line":17,"column":1}},"line":13}},"branchMap":{"0":{"loc":{"start":{"line":8,"column":19},"end":{"line":8,"column":57}},"type":"binary-expr","locations":[{"start":{"line":8,"column":19},"end":{"line":8,"column":41}},{"start":{"line":8,"column":45},"end":{"line":8,"column":57}}],"line":8},"1":{"loc":{"start":{"line":10,"column":13},"end":{"line":10,"column":38}},"type":"binary-expr","locations":[{"start":{"line":10,"column":13},"end":{"line":10,"column":30}},{"start":{"line":10,"column":34},"end":{"line":10,"column":38}}],"line":10},"2":{"loc":{"start":{"line":14,"column":9},"end":{"line":16,"column":43}},"type":"cond-expr","locations":[{"start":{"line":15,"column":8},"end":{"line":15,"column":20}},{"start":{"line":16,"column":8},"end":{"line":16,"column":43}}],"line":14},"3":{"loc":{"start":{"line":16,"column":8},"end":{"line":16,"column":43}},"type":"binary-expr","locations":[{"start":{"line":16,"column":8},"end":{"line":16,"column":32}},{"start":{"line":16,"column":36},"end":{"line":16,"column":43}}],"line":16},"4":{"loc":{"start":{"line":22,"column":27},"end":{"line":22,"column":67}},"type":"cond-expr","locations":[{"start":{"line":22,"column":61},"end":{"line":22,"column":62}},{"start":{"line":22,"column":65},"end":{"line":22,"column":67}}],"line":22}},"s":{"0":11,"1":11,"2":11,"3":11,"4":22,"5":11,"6":11,"7":11,"8":11,"9":11,"10":11,"11":11,"12":11},"f":{"0":22},"b":{"0":[11,10],"1":[11,10],"2":[19,3],"3":[3,1],"4":[10,1]},"_coverageSchema":"1a1c01bbd47fc00a2c39e90264f33305004495a9","hash":"9851e50f6fee796b814d8d64e8380c1bb80396fa"}
,"/Users/staff/Desktop/Katie's Code/CORE COURSE/NODE-JS/Cumulative Project 2/db.js": {"path":"/Users/staff/Desktop/Katie's Code/CORE COURSE/NODE-JS/Cumulative Project 2/db.js","statementMap":{"0":{"start":{"line":3,"column":19},"end":{"line":3,"column":32}},"1":{"start":{"line":4,"column":27},"end":{"line":4,"column":46}},"2":{"start":{"line":8,"column":0},"end":{"line":19,"column":1}},"3":{"start":{"line":9,"column":2},"end":{"line":14,"column":5}},"4":{"start":{"line":16,"column":2},"end":{"line":18,"column":5}},"5":{"start":{"line":21,"column":0},"end":{"line":21,"column":13}},"6":{"start":{"line":23,"column":0},"end":{"line":23,"column":20}}},"fnMap":{},"branchMap":{"0":{"loc":{"start":{"line":8,"column":0},"end":{"line":19,"column":1}},"type":"if","locations":[{"start":{"line":8,"column":0},"end":{"line":19,"column":1}},{"start":{"line":15,"column":7},"end":{"line":19,"column":1}}],"line":8}},"s":{"0":8,"1":8,"2":8,"3":0,"4":8,"5":8,"6":8},"f":{},"b":{"0":[0,8]},"_coverageSchema":"1a1c01bbd47fc00a2c39e90264f33305004495a9","hash":"4640dbc8f628f536285cfc148da636e349f85303"}
,"/Users/staff/Desktop/Katie's Code/CORE COURSE/NODE-JS/Cumulative Project 2/expressError.js": {"path":"/Users/staff/Desktop/Katie's Code/CORE COURSE/NODE-JS/Cumulative Project 2/expressError.js","statementMap":{"0":{"start":{"line":9,"column":4},"end":{"line":9,"column":12}},"1":{"start":{"line":10,"column":4},"end":{"line":10,"column":27}},"2":{"start":{"line":11,"column":4},"end":{"line":11,"column":25}},"3":{"start":{"line":19,"column":4},"end":{"line":19,"column":24}},"4":{"start":{"line":27,"column":4},"end":{"line":27,"column":24}},"5":{"start":{"line":35,"column":4},"end":{"line":35,"column":24}},"6":{"start":{"line":43,"column":4},"end":{"line":43,"column":24}},"7":{"start":{"line":47,"column":0},"end":{"line":53,"column":2}}},"fnMap":{"0":{"name":"(anonymous_0)","decl":{"start":{"line":8,"column":2},"end":{"line":8,"column":3}},"loc":{"start":{"line":8,"column":31},"end":{"line":12,"column":3}},"line":8},"1":{"name":"(anonymous_1)","decl":{"start":{"line":18,"column":2},"end":{"line":18,"column":3}},"loc":{"start":{"line":18,"column":37},"end":{"line":20,"column":3}},"line":18},"2":{"name":"(anonymous_2)","decl":{"start":{"line":26,"column":2},"end":{"line":26,"column":3}},"loc":{"start":{"line":26,"column":40},"end":{"line":28,"column":3}},"line":26},"3":{"name":"(anonymous_3)","decl":{"start":{"line":34,"column":2},"end":{"line":34,"column":3}},"loc":{"start":{"line":34,"column":39},"end":{"line":36,"column":3}},"line":34},"4":{"name":"(anonymous_4)","decl":{"start":{"line":42,"column":2},"end":{"line":42,"column":3}},"loc":{"start":{"line":42,"column":39},"end":{"line":44,"column":3}},"line":42}},"branchMap":{"0":{"loc":{"start":{"line":18,"column":14},"end":{"line":18,"column":35}},"type":"default-arg","locations":[{"start":{"line":18,"column":24},"end":{"line":18,"column":35}}],"line":18},"1":{"loc":{"start":{"line":26,"column":14},"end":{"line":26,"column":38}},"type":"default-arg","locations":[{"start":{"line":26,"column":24},"end":{"line":26,"column":38}}],"line":26},"2":{"loc":{"start":{"line":34,"column":14},"end":{"line":34,"column":37}},"type":"default-arg","locations":[{"start":{"line":34,"column":24},"end":{"line":34,"column":37}}],"line":34},"3":{"loc":{"start":{"line":42,"column":14},"end":{"line":42,"column":37}},"type":"default-arg","locations":[{"start":{"line":42,"column":24},"end":{"line":42,"column":37}}],"line":42}},"s":{"0":76,"1":76,"2":76,"3":24,"4":28,"5":24,"6":0,"7":10},"f":{"0":76,"1":24,"2":28,"3":24,"4":0},"b":{"0":[2],"1":[24],"2":[0],"3":[0]},"_coverageSchema":"1a1c01bbd47fc00a2c39e90264f33305004495a9","hash":"a649dbed6968364fa832345bd6403fea99e6fadc"}
,"/Users/staff/Desktop/Katie's Code/CORE COURSE/NODE-JS/Cumulative Project 2/helpers/sql.js": {"path":"/Users/staff/Desktop/Katie's Code/CORE COURSE/NODE-JS/Cumulative Project 2/helpers/sql.js","statementMap":{"0":{"start":{"line":1,"column":28},"end":{"line":1,"column":54}},"1":{"start":{"line":18,"column":15},"end":{"line":18,"column":40}},"2":{"start":{"line":19,"column":2},"end":{"line":20,"column":41}},"3":{"start":{"line":20,"column":4},"end":{"line":20,"column":41}},"4":{"start":{"line":23,"column":15},"end":{"line":26,"column":3}},"5":{"start":{"line":25,"column":6},"end":{"line":25,"column":52}},"6":{"start":{"line":28,"column":2},"end":{"line":31,"column":4}},"7":{"start":{"line":34,"column":0},"end":{"line":34,"column":41}}},"fnMap":{"0":{"name":"sqlForPartialUpdate","decl":{"start":{"line":17,"column":9},"end":{"line":17,"column":28}},"loc":{"start":{"line":17,"column":52},"end":{"line":32,"column":1}},"line":17},"1":{"name":"(anonymous_1)","decl":{"start":{"line":24,"column":4},"end":{"line":24,"column":5}},"loc":{"start":{"line":25,"column":6},"end":{"line":25,"column":52}},"line":25}},"branchMap":{"0":{"loc":{"start":{"line":19,"column":2},"end":{"line":20,"column":41}},"type":"if","locations":[{"start":{"line":19,"column":2},"end":{"line":20,"column":41}},{"start":{},"end":{}}],"line":19},"1":{"loc":{"start":{"line":25,"column":10},"end":{"line":25,"column":37}},"type":"binary-expr","locations":[{"start":{"line":25,"column":10},"end":{"line":25,"column":26}},{"start":{"line":25,"column":30},"end":{"line":25,"column":37}}],"line":25}},"s":{"0":9,"1":23,"2":23,"3":4,"4":19,"5":39,"6":19,"7":9},"f":{"0":23,"1":39},"b":{"0":[4,19],"1":[39,24]},"_coverageSchema":"1a1c01bbd47fc00a2c39e90264f33305004495a9","hash":"20d261c20507b6e0709755bbf14f9b8812b4ed88"}
,"/Users/staff/Desktop/Katie's Code/CORE COURSE/NODE-JS/Cumulative Project 2/helpers/tokens.js": {"path":"/Users/staff/Desktop/Katie's Code/CORE COURSE/NODE-JS/Cumulative Project 2/helpers/tokens.js","statementMap":{"0":{"start":{"line":1,"column":12},"end":{"line":1,"column":35}},"1":{"start":{"line":2,"column":23},"end":{"line":2,"column":43}},"2":{"start":{"line":7,"column":2},"end":{"line":8,"column":58}},"3":{"start":{"line":10,"column":16},"end":{"line":13,"column":3}},"4":{"start":{"line":15,"column":2},"end":{"line":15,"column":39}},"5":{"start":{"line":18,"column":0},"end":{"line":18,"column":33}}},"fnMap":{"0":{"name":"createToken","decl":{"start":{"line":6,"column":9},"end":{"line":6,"column":20}},"loc":{"start":{"line":6,"column":27},"end":{"line":16,"column":1}},"line":6}},"branchMap":{"0":{"loc":{"start":{"line":12,"column":13},"end":{"line":12,"column":34}},"type":"binary-expr","locations":[{"start":{"line":12,"column":13},"end":{"line":12,"column":25}},{"start":{"line":12,"column":29},"end":{"line":12,"column":34}}],"line":12}},"s":{"0":6,"1":6,"2":15,"3":15,"4":15,"5":6},"f":{"0":15},"b":{"0":[15,8]},"_coverageSchema":"1a1c01bbd47fc00a2c39e90264f33305004495a9","hash":"c1023f590f10844a8050251d5ad14d383bef27e0"}
,"/Users/staff/Desktop/Katie's Code/CORE COURSE/NODE-JS/Cumulative Project 2/middleware/auth.js": {"path":"/Users/staff/Desktop/Katie's Code/CORE COURSE/NODE-JS/Cumulative Project 2/middleware/auth.js","statementMap":{"0":{"start":{"line":5,"column":12},"end":{"line":5,"column":35}},"1":{"start":{"line":6,"column":23},"end":{"line":6,"column":43}},"2":{"start":{"line":7,"column":30},"end":{"line":7,"column":56}},"3":{"start":{"line":18,"column":2},"end":{"line":31,"column":3}},"4":{"start":{"line":20,"column":6},"end":{"line":20,"column":46}},"5":{"start":{"line":21,"column":4},"end":{"line":27,"column":5}},"6":{"start":{"line":22,"column":20},"end":{"line":24,"column":15}},"7":{"start":{"line":25,"column":6},"end":{"line":25,"column":54}},"8":{"start":{"line":26,"column":6},"end":{"line":26,"column":35}},"9":{"start":{"line":28,"column":4},"end":{"line":28,"column":18}},"10":{"start":{"line":30,"column":4},"end":{"line":30,"column":18}},"11":{"start":{"line":40,"column":2},"end":{"line":45,"column":3}},"12":{"start":{"line":41,"column":4},"end":{"line":41,"column":56}},"13":{"start":{"line":41,"column":26},"end":{"line":41,"column":56}},"14":{"start":{"line":42,"column":4},"end":{"line":42,"column":18}},"15":{"start":{"line":44,"column":4},"end":{"line":44,"column":21}},"16":{"start":{"line":53,"column":2},"end":{"line":62,"column":3}},"17":{"start":{"line":54,"column":4},"end":{"line":56,"column":5}},"18":{"start":{"line":55,"column":6},"end":{"line":55,"column":36}},"19":{"start":{"line":57,"column":4},"end":{"line":58,"column":36}},"20":{"start":{"line":58,"column":6},"end":{"line":58,"column":36}},"21":{"start":{"line":59,"column":4},"end":{"line":59,"column":18}},"22":{"start":{"line":61,"column":4},"end":{"line":61,"column":21}},"23":{"start":{"line":65,"column":0},"end":{"line":69,"column":2}}},"fnMap":{"0":{"name":"authenticateJWT","decl":{"start":{"line":17,"column":9},"end":{"line":17,"column":24}},"loc":{"start":{"line":17,"column":41},"end":{"line":32,"column":1}},"line":17},"1":{"name":"ensureLoggedIn","decl":{"start":{"line":39,"column":9},"end":{"line":39,"column":23}},"loc":{"start":{"line":39,"column":40},"end":{"line":46,"column":1}},"line":39},"2":{"name":"ensureIsAdmin","decl":{"start":{"line":52,"column":9},"end":{"line":52,"column":22}},"loc":{"start":{"line":52,"column":39},"end":{"line":63,"column":1}},"line":52}},"branchMap":{"0":{"loc":{"start":{"line":20,"column":6},"end":{"line":20,"column":46}},"type":"binary-expr","locations":[{"start":{"line":20,"column":6},"end":{"line":20,"column":17}},{"start":{"line":20,"column":21},"end":{"line":20,"column":46}}],"line":20},"1":{"loc":{"start":{"line":21,"column":4},"end":{"line":27,"column":5}},"type":"if","locations":[{"start":{"line":21,"column":4},"end":{"line":27,"column":5}},{"start":{},"end":{}}],"line":21},"2":{"loc":{"start":{"line":41,"column":4},"end":{"line":41,"column":56}},"type":"if","locations":[{"start":{"line":41,"column":4},"end":{"line":41,"column":56}},{"start":{},"end":{}}],"line":41},"3":{"loc":{"start":{"line":54,"column":4},"end":{"line":56,"column":5}},"type":"if","locations":[{"start":{"line":54,"column":4},"end":{"line":56,"column":5}},{"start":{},"end":{}}],"line":54},"4":{"loc":{"start":{"line":57,"column":4},"end":{"line":58,"column":36}},"type":"if","locations":[{"start":{"line":57,"column":4},"end":{"line":58,"column":36}},{"start":{},"end":{}}],"line":57}},"s":{"0":6,"1":6,"2":6,"3":89,"4":89,"5":89,"6":55,"7":55,"8":54,"9":88,"10":1,"11":25,"12":25,"13":5,"14":20,"15":5,"16":40,"17":40,"18":6,"19":34,"20":9,"21":25,"22":15,"23":6},"f":{"0":89,"1":25,"2":40},"b":{"0":[89,88],"1":[55,34],"2":[5,20],"3":[6,34],"4":[9,25]},"_coverageSchema":"1a1c01bbd47fc00a2c39e90264f33305004495a9","hash":"b80037ab7bdb38f211fe48d87fc423a25ec5a7f7"}
,"/Users/staff/Desktop/Katie's Code/CORE COURSE/NODE-JS/Cumulative Project 2/models/_testCommon.js": {"path":"/Users/staff/Desktop/Katie's Code/CORE COURSE/NODE-JS/Cumulative Project 2/models/_testCommon.js","statementMap":{"0":{"start":{"line":1,"column":15},"end":{"line":1,"column":32}},"1":{"start":{"line":3,"column":11},"end":{"line":3,"column":30}},"2":{"start":{"line":4,"column":31},"end":{"line":4,"column":51}},"3":{"start":{"line":8,"column":2},"end":{"line":8,"column":42}},"4":{"start":{"line":10,"column":2},"end":{"line":10,"column":38}},"5":{"start":{"line":12,"column":2},"end":{"line":12,"column":37}},"6":{"start":{"line":14,"column":2},"end":{"line":14,"column":45}},"7":{"start":{"line":16,"column":2},"end":{"line":20,"column":55}},"8":{"start":{"line":22,"column":2},"end":{"line":36,"column":4}},"9":{"start":{"line":38,"column":2},"end":{"line":42,"column":37}},"10":{"start":{"line":44,"column":2},"end":{"line":46,"column":47}},"11":{"start":{"line":48,"column":2},"end":{"line":49,"column":75}},"12":{"start":{"line":53,"column":2},"end":{"line":53,"column":26}},"13":{"start":{"line":57,"column":2},"end":{"line":57,"column":29}},"14":{"start":{"line":61,"column":2},"end":{"line":61,"column":17}},"15":{"start":{"line":64,"column":0},"end":{"line":69,"column":2}}},"fnMap":{"0":{"name":"commonBeforeAll","decl":{"start":{"line":6,"column":15},"end":{"line":6,"column":30}},"loc":{"start":{"line":6,"column":33},"end":{"line":50,"column":1}},"line":6},"1":{"name":"commonBeforeEach","decl":{"start":{"line":52,"column":15},"end":{"line":52,"column":31}},"loc":{"start":{"line":52,"column":34},"end":{"line":54,"column":1}},"line":52},"2":{"name":"commonAfterEach","decl":{"start":{"line":56,"column":15},"end":{"line":56,"column":30}},"loc":{"start":{"line":56,"column":33},"end":{"line":58,"column":1}},"line":56},"3":{"name":"commonAfterAll","decl":{"start":{"line":60,"column":15},"end":{"line":60,"column":29}},"loc":{"start":{"line":60,"column":32},"end":{"line":62,"column":1}},"line":60}},"branchMap":{},"s":{"0":3,"1":3,"2":3,"3":3,"4":3,"5":3,"6":3,"7":3,"8":3,"9":3,"10":3,"11":3,"12":50,"13":50,"14":3,"15":3},"f":{"0":3,"1":50,"2":50,"3":3},"b":{},"_coverageSchema":"1a1c01bbd47fc00a2c39e90264f33305004495a9","hash":"c2030b1c672b445d06c4861f7cc89e8924dd075f"}
,"/Users/staff/Desktop/Katie's Code/CORE COURSE/NODE-JS/Cumulative Project 2/models/company.js": {"path":"/Users/staff/Desktop/Katie's Code/CORE COURSE/NODE-JS/Cumulative Project 2/models/company.js","statementMap":{"0":{"start":{"line":3,"column":11},"end":{"line":3,"column":27}},"1":{"start":{"line":7,"column":4},"end":{"line":7,"column":30}},"2":{"start":{"line":8,"column":32},"end":{"line":8,"column":57}},"3":{"start":{"line":29,"column":27},"end":{"line":34,"column":5}},"4":{"start":{"line":36,"column":4},"end":{"line":39,"column":8}},"5":{"start":{"line":37,"column":6},"end":{"line":39,"column":8}},"6":{"start":{"line":41,"column":19},"end":{"line":47,"column":5}},"7":{"start":{"line":48,"column":20},"end":{"line":48,"column":34}},"8":{"start":{"line":50,"column":4},"end":{"line":50,"column":19}},"9":{"start":{"line":59,"column":25},"end":{"line":67,"column":5}},"10":{"start":{"line":68,"column":4},"end":{"line":68,"column":29}},"11":{"start":{"line":80,"column":23},"end":{"line":95,"column":5}},"12":{"start":{"line":97,"column":4},"end":{"line":99,"column":5}},"13":{"start":{"line":98,"column":6},"end":{"line":98,"column":55}},"14":{"start":{"line":102,"column":6},"end":{"line":102,"column":24}},"15":{"start":{"line":104,"column":15},"end":{"line":111,"column":6}},"16":{"start":{"line":105,"column":6},"end":{"line":110,"column":8}},"17":{"start":{"line":113,"column":4},"end":{"line":115,"column":5}},"18":{"start":{"line":114,"column":6},"end":{"line":114,"column":20}},"19":{"start":{"line":116,"column":20},"end":{"line":123,"column":5}},"20":{"start":{"line":124,"column":4},"end":{"line":124,"column":19}},"21":{"start":{"line":140,"column":32},"end":{"line":143,"column":6}},"22":{"start":{"line":144,"column":25},"end":{"line":144,"column":50}},"23":{"start":{"line":146,"column":21},"end":{"line":153,"column":54}},"24":{"start":{"line":154,"column":19},"end":{"line":157,"column":6}},"25":{"start":{"line":158,"column":20},"end":{"line":158,"column":34}},"26":{"start":{"line":160,"column":4},"end":{"line":161,"column":55}},"27":{"start":{"line":161,"column":6},"end":{"line":161,"column":55}},"28":{"start":{"line":163,"column":4},"end":{"line":163,"column":19}},"29":{"start":{"line":176,"column":21},"end":{"line":176,"column":23}},"30":{"start":{"line":178,"column":4},"end":{"line":180,"column":5}},"31":{"start":{"line":179,"column":6},"end":{"line":179,"column":53}},"32":{"start":{"line":182,"column":4},"end":{"line":201,"column":5}},"33":{"start":{"line":184,"column":6},"end":{"line":192,"column":7}},"34":{"start":{"line":185,"column":8},"end":{"line":187,"column":10}},"35":{"start":{"line":189,"column":8},"end":{"line":191,"column":10}},"36":{"start":{"line":193,"column":11},"end":{"line":201,"column":5}},"37":{"start":{"line":194,"column":6},"end":{"line":196,"column":8}},"38":{"start":{"line":197,"column":11},"end":{"line":201,"column":5}},"39":{"start":{"line":198,"column":6},"end":{"line":200,"column":8}},"40":{"start":{"line":203,"column":4},"end":{"line":229,"column":5}},"41":{"start":{"line":204,"column":26},"end":{"line":204,"column":49}},"42":{"start":{"line":205,"column":23},"end":{"line":212,"column":38}},"43":{"start":{"line":213,"column":21},"end":{"line":213,"column":45}},"44":{"start":{"line":214,"column":24},"end":{"line":214,"column":35}},"45":{"start":{"line":215,"column":6},"end":{"line":215,"column":23}},"46":{"start":{"line":217,"column":23},"end":{"line":224,"column":38}},"47":{"start":{"line":226,"column":21},"end":{"line":226,"column":45}},"48":{"start":{"line":227,"column":24},"end":{"line":227,"column":35}},"49":{"start":{"line":228,"column":6},"end":{"line":228,"column":23}},"50":{"start":{"line":238,"column":19},"end":{"line":244,"column":5}},"51":{"start":{"line":245,"column":20},"end":{"line":245,"column":34}},"52":{"start":{"line":247,"column":4},"end":{"line":248,"column":55}},"53":{"start":{"line":248,"column":6},"end":{"line":248,"column":55}},"54":{"start":{"line":252,"column":0},"end":{"line":252,"column":25}}},"fnMap":{"0":{"name":"(anonymous_0)","decl":{"start":{"line":22,"column":2},"end":{"line":22,"column":3}},"loc":{"start":{"line":28,"column":5},"end":{"line":51,"column":3}},"line":28},"1":{"name":"(anonymous_1)","decl":{"start":{"line":58,"column":2},"end":{"line":58,"column":3}},"loc":{"start":{"line":58,"column":25},"end":{"line":69,"column":3}},"line":58},"2":{"name":"(anonymous_2)","decl":{"start":{"line":79,"column":2},"end":{"line":79,"column":3}},"loc":{"start":{"line":79,"column":27},"end":{"line":125,"column":3}},"line":79},"3":{"name":"(anonymous_3)","decl":{"start":{"line":104,"column":35},"end":{"line":104,"column":36}},"loc":{"start":{"line":104,"column":48},"end":{"line":111,"column":5}},"line":104},"4":{"name":"(anonymous_4)","decl":{"start":{"line":139,"column":2},"end":{"line":139,"column":3}},"loc":{"start":{"line":139,"column":36},"end":{"line":164,"column":3}},"line":139},"5":{"name":"(anonymous_5)","decl":{"start":{"line":175,"column":2},"end":{"line":175,"column":3}},"loc":{"start":{"line":175,"column":28},"end":{"line":230,"column":3}},"line":175},"6":{"name":"(anonymous_6)","decl":{"start":{"line":237,"column":2},"end":{"line":237,"column":3}},"loc":{"start":{"line":237,"column":30},"end":{"line":249,"column":3}},"line":237}},"branchMap":{"0":{"loc":{"start":{"line":36,"column":4},"end":{"line":39,"column":8}},"type":"if","locations":[{"start":{"line":36,"column":4},"end":{"line":39,"column":8}},{"start":{},"end":{}}],"line":36},"1":{"loc":{"start":{"line":97,"column":4},"end":{"line":99,"column":5}},"type":"if","locations":[{"start":{"line":97,"column":4},"end":{"line":99,"column":5}},{"start":{},"end":{}}],"line":97},"2":{"loc":{"start":{"line":113,"column":4},"end":{"line":115,"column":5}},"type":"if","locations":[{"start":{"line":113,"column":4},"end":{"line":115,"column":5}},{"start":{},"end":{}}],"line":113},"3":{"loc":{"start":{"line":160,"column":4},"end":{"line":161,"column":55}},"type":"if","locations":[{"start":{"line":160,"column":4},"end":{"line":161,"column":55}},{"start":{},"end":{}}],"line":160},"4":{"loc":{"start":{"line":178,"column":4},"end":{"line":180,"column":5}},"type":"if","locations":[{"start":{"line":178,"column":4},"end":{"line":180,"column":5}},{"start":{},"end":{}}],"line":178},"5":{"loc":{"start":{"line":182,"column":4},"end":{"line":201,"column":5}},"type":"if","locations":[{"start":{"line":182,"column":4},"end":{"line":201,"column":5}},{"start":{"line":193,"column":11},"end":{"line":201,"column":5}}],"line":182},"6":{"loc":{"start":{"line":182,"column":8},"end":{"line":182,"column":46}},"type":"binary-expr","locations":[{"start":{"line":182,"column":8},"end":{"line":182,"column":25}},{"start":{"line":182,"column":29},"end":{"line":182,"column":46}}],"line":182},"7":{"loc":{"start":{"line":184,"column":6},"end":{"line":192,"column":7}},"type":"if","locations":[{"start":{"line":184,"column":6},"end":{"line":192,"column":7}},{"start":{"line":188,"column":13},"end":{"line":192,"column":7}}],"line":184},"8":{"loc":{"start":{"line":193,"column":11},"end":{"line":201,"column":5}},"type":"if","locations":[{"start":{"line":193,"column":11},"end":{"line":201,"column":5}},{"start":{"line":197,"column":11},"end":{"line":201,"column":5}}],"line":193},"9":{"loc":{"start":{"line":197,"column":11},"end":{"line":201,"column":5}},"type":"if","locations":[{"start":{"line":197,"column":11},"end":{"line":201,"column":5}},{"start":{},"end":{}}],"line":197},"10":{"loc":{"start":{"line":203,"column":4},"end":{"line":229,"column":5}},"type":"if","locations":[{"start":{"line":203,"column":4},"end":{"line":229,"column":5}},{"start":{"line":216,"column":11},"end":{"line":229,"column":5}}],"line":203},"11":{"loc":{"start":{"line":247,"column":4},"end":{"line":248,"column":55}},"type":"if","locations":[{"start":{"line":247,"column":4},"end":{"line":248,"column":55}},{"start":{},"end":{}}],"line":247}},"s":{"0":6,"1":6,"2":6,"3":16,"4":16,"5":1,"6":15,"7":15,"8":15,"9":3,"10":2,"11":6,"12":6,"13":2,"14":4,"15":4,"16":6,"17":4,"18":2,"19":4,"20":4,"21":6,"22":5,"23":5,"24":5,"25":5,"26":5,"27":2,"28":3,"29":7,"30":7,"31":4,"32":7,"33":2,"34":1,"35":1,"36":5,"37":2,"38":3,"39":1,"40":6,"41":2,"42":2,"43":2,"44":2,"45":2,"46":4,"47":4,"48":4,"49":4,"50":4,"51":4,"52":4,"53":2,"54":6},"f":{"0":16,"1":3,"2":6,"3":6,"4":6,"5":7,"6":4},"b":{"0":[1,15],"1":[2,4],"2":[2,2],"3":[2,3],"4":[4,3],"5":[2,5],"6":[7,4],"7":[1,1],"8":[2,3],"9":[1,2],"10":[2,4],"11":[2,2]},"_coverageSchema":"1a1c01bbd47fc00a2c39e90264f33305004495a9","hash":"39aa68c993ef1b606323cbfbc853e7c0fc18ad57"}
,"/Users/staff/Desktop/Katie's Code/CORE COURSE/NODE-JS/Cumulative Project 2/models/job.js": {"path":"/Users/staff/Desktop/Katie's Code/CORE COURSE/NODE-JS/Cumulative Project 2/models/job.js","statementMap":{"0":{"start":{"line":3,"column":11},"end":{"line":3,"column":27}},"1":{"start":{"line":7,"column":4},"end":{"line":7,"column":30}},"2":{"start":{"line":8,"column":32},"end":{"line":8,"column":57}},"3":{"start":{"line":28,"column":19},"end":{"line":33,"column":5}},"4":{"start":{"line":35,"column":16},"end":{"line":35,"column":30}},"5":{"start":{"line":36,"column":4},"end":{"line":36,"column":15}},"6":{"start":{"line":44,"column":20},"end":{"line":46,"column":5}},"7":{"start":{"line":48,"column":4},"end":{"line":48,"column":24}},"8":{"start":{"line":60,"column":21},"end":{"line":60,"column":23}},"9":{"start":{"line":61,"column":4},"end":{"line":61,"column":30}},"10":{"start":{"line":63,"column":4},"end":{"line":65,"column":5}},"11":{"start":{"line":64,"column":6},"end":{"line":64,"column":55}},"12":{"start":{"line":67,"column":4},"end":{"line":69,"column":5}},"13":{"start":{"line":68,"column":6},"end":{"line":68,"column":53}},"14":{"start":{"line":71,"column":4},"end":{"line":73,"column":5}},"15":{"start":{"line":72,"column":6},"end":{"line":72,"column":36}},"16":{"start":{"line":75,"column":4},"end":{"line":75,"column":42}},"17":{"start":{"line":76,"column":4},"end":{"line":104,"column":5}},"18":{"start":{"line":77,"column":26},"end":{"line":77,"column":50}},"19":{"start":{"line":78,"column":6},"end":{"line":78,"column":47}},"20":{"start":{"line":79,"column":23},"end":{"line":85,"column":45}},"21":{"start":{"line":86,"column":21},"end":{"line":86,"column":45}},"22":{"start":{"line":87,"column":19},"end":{"line":87,"column":30}},"23":{"start":{"line":88,"column":6},"end":{"line":88,"column":18}},"24":{"start":{"line":89,"column":11},"end":{"line":104,"column":5}},"25":{"start":{"line":90,"column":19},"end":{"line":90,"column":32}},"26":{"start":{"line":91,"column":6},"end":{"line":91,"column":18}},"27":{"start":{"line":93,"column":23},"end":{"line":99,"column":47}},"28":{"start":{"line":101,"column":21},"end":{"line":101,"column":45}},"29":{"start":{"line":102,"column":19},"end":{"line":102,"column":30}},"30":{"start":{"line":103,"column":6},"end":{"line":103,"column":18}},"31":{"start":{"line":114,"column":19},"end":{"line":117,"column":5}},"32":{"start":{"line":119,"column":16},"end":{"line":119,"column":30}},"33":{"start":{"line":121,"column":4},"end":{"line":123,"column":5}},"34":{"start":{"line":122,"column":6},"end":{"line":122,"column":47}},"35":{"start":{"line":125,"column":4},"end":{"line":125,"column":15}},"36":{"start":{"line":140,"column":32},"end":{"line":142,"column":6}},"37":{"start":{"line":144,"column":25},"end":{"line":144,"column":50}},"38":{"start":{"line":146,"column":21},"end":{"line":153,"column":66}},"39":{"start":{"line":154,"column":19},"end":{"line":157,"column":6}},"40":{"start":{"line":158,"column":16},"end":{"line":158,"column":30}},"41":{"start":{"line":160,"column":4},"end":{"line":160,"column":55}},"42":{"start":{"line":160,"column":14},"end":{"line":160,"column":55}},"43":{"start":{"line":162,"column":4},"end":{"line":162,"column":15}},"44":{"start":{"line":170,"column":19},"end":{"line":173,"column":5}},"45":{"start":{"line":175,"column":16},"end":{"line":175,"column":30}},"46":{"start":{"line":177,"column":4},"end":{"line":177,"column":55}},"47":{"start":{"line":177,"column":14},"end":{"line":177,"column":55}},"48":{"start":{"line":181,"column":0},"end":{"line":181,"column":21}}},"fnMap":{"0":{"name":"(anonymous_0)","decl":{"start":{"line":22,"column":2},"end":{"line":22,"column":3}},"loc":{"start":{"line":27,"column":5},"end":{"line":37,"column":3}},"line":27},"1":{"name":"(anonymous_1)","decl":{"start":{"line":43,"column":2},"end":{"line":43,"column":3}},"loc":{"start":{"line":43,"column":25},"end":{"line":49,"column":3}},"line":43},"2":{"name":"(anonymous_2)","decl":{"start":{"line":59,"column":2},"end":{"line":59,"column":3}},"loc":{"start":{"line":59,"column":28},"end":{"line":105,"column":3}},"line":59},"3":{"name":"(anonymous_3)","decl":{"start":{"line":113,"column":2},"end":{"line":113,"column":3}},"loc":{"start":{"line":113,"column":23},"end":{"line":126,"column":3}},"line":113},"4":{"name":"(anonymous_4)","decl":{"start":{"line":139,"column":2},"end":{"line":139,"column":3}},"loc":{"start":{"line":139,"column":32},"end":{"line":163,"column":3}},"line":139},"5":{"name":"(anonymous_5)","decl":{"start":{"line":169,"column":2},"end":{"line":169,"column":3}},"loc":{"start":{"line":169,"column":26},"end":{"line":178,"column":3}},"line":169}},"branchMap":{"0":{"loc":{"start":{"line":63,"column":4},"end":{"line":65,"column":5}},"type":"if","locations":[{"start":{"line":63,"column":4},"end":{"line":65,"column":5}},{"start":{},"end":{}}],"line":63},"1":{"loc":{"start":{"line":67,"column":4},"end":{"line":69,"column":5}},"type":"if","locations":[{"start":{"line":67,"column":4},"end":{"line":69,"column":5}},{"start":{},"end":{}}],"line":67},"2":{"loc":{"start":{"line":71,"column":4},"end":{"line":73,"column":5}},"type":"if","locations":[{"start":{"line":71,"column":4},"end":{"line":73,"column":5}},{"start":{},"end":{}}],"line":71},"3":{"loc":{"start":{"line":76,"column":4},"end":{"line":104,"column":5}},"type":"if","locations":[{"start":{"line":76,"column":4},"end":{"line":104,"column":5}},{"start":{"line":89,"column":11},"end":{"line":104,"column":5}}],"line":76},"4":{"loc":{"start":{"line":89,"column":11},"end":{"line":104,"column":5}},"type":"if","locations":[{"start":{"line":89,"column":11},"end":{"line":104,"column":5}},{"start":{"line":92,"column":11},"end":{"line":104,"column":5}}],"line":89},"5":{"loc":{"start":{"line":121,"column":4},"end":{"line":123,"column":5}},"type":"if","locations":[{"start":{"line":121,"column":4},"end":{"line":123,"column":5}},{"start":{},"end":{}}],"line":121},"6":{"loc":{"start":{"line":160,"column":4},"end":{"line":160,"column":55}},"type":"if","locations":[{"start":{"line":160,"column":4},"end":{"line":160,"column":55}},{"start":{},"end":{}}],"line":160},"7":{"loc":{"start":{"line":177,"column":4},"end":{"line":177,"column":55}},"type":"if","locations":[{"start":{"line":177,"column":4},"end":{"line":177,"column":55}},{"start":{},"end":{}}],"line":177}},"s":{"0":6,"1":6,"2":6,"3":14,"4":14,"5":14,"6":4,"7":3,"8":7,"9":7,"10":7,"11":2,"12":7,"13":3,"14":7,"15":3,"16":7,"17":7,"18":2,"19":2,"20":2,"21":2,"22":2,"23":2,"24":5,"25":1,"26":1,"27":4,"28":4,"29":4,"30":4,"31":4,"32":4,"33":4,"34":2,"35":2,"36":6,"37":5,"38":5,"39":5,"40":5,"41":5,"42":2,"43":3,"44":4,"45":4,"46":4,"47":2,"48":6},"f":{"0":14,"1":4,"2":7,"3":4,"4":6,"5":4},"b":{"0":[2,5],"1":[3,4],"2":[3,4],"3":[2,5],"4":[1,4],"5":[2,2],"6":[2,3],"7":[2,2]},"_coverageSchema":"1a1c01bbd47fc00a2c39e90264f33305004495a9","hash":"6a38a36700cd78b28ba3ab44409ada5e05569b7c"}
,"/Users/staff/Desktop/Katie's Code/CORE COURSE/NODE-JS/Cumulative Project 2/models/user.js": {"path":"/Users/staff/Desktop/Katie's Code/CORE COURSE/NODE-JS/Cumulative Project 2/models/user.js","statementMap":{"0":{"start":{"line":3,"column":11},"end":{"line":3,"column":27}},"1":{"start":{"line":4,"column":15},"end":{"line":4,"column":32}},"2":{"start":{"line":5,"column":32},"end":{"line":5,"column":57}},"3":{"start":{"line":10,"column":4},"end":{"line":10,"column":30}},"4":{"start":{"line":12,"column":31},"end":{"line":12,"column":54}},"5":{"start":{"line":26,"column":19},"end":{"line":36,"column":5}},"6":{"start":{"line":38,"column":17},"end":{"line":38,"column":31}},"7":{"start":{"line":40,"column":4},"end":{"line":50,"column":5}},"8":{"start":{"line":42,"column":22},"end":{"line":45,"column":7}},"9":{"start":{"line":46,"column":6},"end":{"line":49,"column":7}},"10":{"start":{"line":47,"column":8},"end":{"line":47,"column":29}},"11":{"start":{"line":48,"column":8},"end":{"line":48,"column":20}},"12":{"start":{"line":52,"column":4},"end":{"line":54,"column":6}},"13":{"start":{"line":72,"column":27},"end":{"line":77,"column":5}},"14":{"start":{"line":79,"column":4},"end":{"line":83,"column":5}},"15":{"start":{"line":80,"column":6},"end":{"line":82,"column":8}},"16":{"start":{"line":85,"column":27},"end":{"line":88,"column":5}},"17":{"start":{"line":90,"column":19},"end":{"line":108,"column":5}},"18":{"start":{"line":110,"column":17},"end":{"line":110,"column":31}},"19":{"start":{"line":112,"column":4},"end":{"line":112,"column":16}},"20":{"start":{"line":121,"column":19},"end":{"line":129,"column":5}},"21":{"start":{"line":131,"column":4},"end":{"line":131,"column":23}},"22":{"start":{"line":143,"column":20},"end":{"line":158,"column":5}},"23":{"start":{"line":160,"column":17},"end":{"line":160,"column":32}},"24":{"start":{"line":162,"column":4},"end":{"line":163,"column":54}},"25":{"start":{"line":163,"column":6},"end":{"line":163,"column":54}},"26":{"start":{"line":165,"column":4},"end":{"line":165,"column":16}},"27":{"start":{"line":177,"column":16},"end":{"line":180,"column":5}},"28":{"start":{"line":181,"column":4},"end":{"line":183,"column":5}},"29":{"start":{"line":182,"column":6},"end":{"line":182,"column":50}},"30":{"start":{"line":184,"column":17},"end":{"line":187,"column":5}},"31":{"start":{"line":188,"column":4},"end":{"line":190,"column":5}},"32":{"start":{"line":189,"column":6},"end":{"line":189,"column":54}},"33":{"start":{"line":191,"column":19},"end":{"line":195,"column":5}},"34":{"start":{"line":197,"column":19},"end":{"line":197,"column":33}},"35":{"start":{"line":199,"column":4},"end":{"line":199,"column":18}},"36":{"start":{"line":220,"column":4},"end":{"line":225,"column":5}},"37":{"start":{"line":221,"column":6},"end":{"line":224,"column":8}},"38":{"start":{"line":227,"column":32},"end":{"line":231,"column":6}},"39":{"start":{"line":232,"column":27},"end":{"line":232,"column":52}},"40":{"start":{"line":234,"column":21},"end":{"line":241,"column":54}},"41":{"start":{"line":242,"column":19},"end":{"line":245,"column":6}},"42":{"start":{"line":246,"column":17},"end":{"line":246,"column":31}},"43":{"start":{"line":248,"column":4},"end":{"line":249,"column":54}},"44":{"start":{"line":249,"column":6},"end":{"line":249,"column":54}},"45":{"start":{"line":251,"column":4},"end":{"line":251,"column":25}},"46":{"start":{"line":252,"column":4},"end":{"line":252,"column":16}},"47":{"start":{"line":258,"column":17},"end":{"line":264,"column":5}},"48":{"start":{"line":265,"column":17},"end":{"line":265,"column":31}},"49":{"start":{"line":267,"column":4},"end":{"line":268,"column":54}},"50":{"start":{"line":268,"column":6},"end":{"line":268,"column":54}},"51":{"start":{"line":272,"column":0},"end":{"line":272,"column":22}}},"fnMap":{"0":{"name":"(anonymous_0)","decl":{"start":{"line":24,"column":2},"end":{"line":24,"column":3}},"loc":{"start":{"line":24,"column":48},"end":{"line":55,"column":3}},"line":24},"1":{"name":"(anonymous_1)","decl":{"start":{"line":64,"column":2},"end":{"line":64,"column":3}},"loc":{"start":{"line":71,"column":5},"end":{"line":113,"column":3}},"line":71},"2":{"name":"(anonymous_2)","decl":{"start":{"line":120,"column":2},"end":{"line":120,"column":3}},"loc":{"start":{"line":120,"column":25},"end":{"line":132,"column":3}},"line":120},"3":{"name":"(anonymous_3)","decl":{"start":{"line":142,"column":2},"end":{"line":142,"column":3}},"loc":{"start":{"line":142,"column":29},"end":{"line":166,"column":3}},"line":142},"4":{"name":"(anonymous_4)","decl":{"start":{"line":176,"column":2},"end":{"line":176,"column":3}},"loc":{"start":{"line":176,"column":38},"end":{"line":200,"column":3}},"line":176},"5":{"name":"(anonymous_5)","decl":{"start":{"line":219,"column":2},"end":{"line":219,"column":3}},"loc":{"start":{"line":219,"column":38},"end":{"line":253,"column":3}},"line":219},"6":{"name":"(anonymous_6)","decl":{"start":{"line":257,"column":2},"end":{"line":257,"column":3}},"loc":{"start":{"line":257,"column":32},"end":{"line":269,"column":3}},"line":257}},"branchMap":{"0":{"loc":{"start":{"line":40,"column":4},"end":{"line":50,"column":5}},"type":"if","locations":[{"start":{"line":40,"column":4},"end":{"line":50,"column":5}},{"start":{},"end":{}}],"line":40},"1":{"loc":{"start":{"line":46,"column":6},"end":{"line":49,"column":7}},"type":"if","locations":[{"start":{"line":46,"column":6},"end":{"line":49,"column":7}},{"start":{},"end":{}}],"line":46},"2":{"loc":{"start":{"line":79,"column":4},"end":{"line":83,"column":5}},"type":"if","locations":[{"start":{"line":79,"column":4},"end":{"line":83,"column":5}},{"start":{},"end":{}}],"line":79},"3":{"loc":{"start":{"line":162,"column":4},"end":{"line":163,"column":54}},"type":"if","locations":[{"start":{"line":162,"column":4},"end":{"line":163,"column":54}},{"start":{},"end":{}}],"line":162},"4":{"loc":{"start":{"line":181,"column":4},"end":{"line":183,"column":5}},"type":"if","locations":[{"start":{"line":181,"column":4},"end":{"line":183,"column":5}},{"start":{},"end":{}}],"line":181},"5":{"loc":{"start":{"line":188,"column":4},"end":{"line":190,"column":5}},"type":"if","locations":[{"start":{"line":188,"column":4},"end":{"line":190,"column":5}},{"start":{},"end":{}}],"line":188},"6":{"loc":{"start":{"line":220,"column":4},"end":{"line":225,"column":5}},"type":"if","locations":[{"start":{"line":220,"column":4},"end":{"line":225,"column":5}},{"start":{},"end":{}}],"line":220},"7":{"loc":{"start":{"line":248,"column":4},"end":{"line":249,"column":54}},"type":"if","locations":[{"start":{"line":248,"column":4},"end":{"line":249,"column":54}},{"start":{},"end":{}}],"line":248},"8":{"loc":{"start":{"line":267,"column":4},"end":{"line":268,"column":54}},"type":"if","locations":[{"start":{"line":267,"column":4},"end":{"line":268,"column":54}},{"start":{},"end":{}}],"line":267}},"s":{"0":6,"1":6,"2":6,"3":6,"4":6,"5":7,"6":7,"7":7,"8":4,"9":4,"10":3,"11":3,"12":4,"13":19,"14":19,"15":1,"16":18,"17":18,"18":18,"19":18,"20":3,"21":2,"22":6,"23":6,"24":6,"25":2,"26":4,"27":11,"28":11,"29":2,"30":9,"31":9,"32":2,"33":7,"34":7,"35":7,"36":8,"37":2,"38":8,"39":7,"40":7,"41":7,"42":7,"43":7,"44":2,"45":5,"46":5,"47":5,"48":5,"49":5,"50":2,"51":6},"f":{"0":7,"1":19,"2":3,"3":6,"4":11,"5":8,"6":5},"b":{"0":[4,3],"1":[3,1],"2":[1,18],"3":[2,4],"4":[2,9],"5":[2,7],"6":[2,6],"7":[2,5],"8":[2,3]},"_coverageSchema":"1a1c01bbd47fc00a2c39e90264f33305004495a9","hash":"f8257b7cce3436776dde782c43c9ce96f0d3ce63"}
,"/Users/staff/Desktop/Katie's Code/CORE COURSE/NODE-JS/Cumulative Project 2/routes/_testCommon.js": {"path":"/Users/staff/Desktop/Katie's Code/CORE COURSE/NODE-JS/Cumulative Project 2/routes/_testCommon.js","statementMap":{"0":{"start":{"line":3,"column":11},"end":{"line":3,"column":30}},"1":{"start":{"line":4,"column":13},"end":{"line":4,"column":38}},"2":{"start":{"line":5,"column":16},"end":{"line":5,"column":44}},"3":{"start":{"line":6,"column":12},"end":{"line":6,"column":36}},"4":{"start":{"line":7,"column":24},"end":{"line":7,"column":52}},"5":{"start":{"line":11,"column":2},"end":{"line":11,"column":38}},"6":{"start":{"line":13,"column":2},"end":{"line":13,"column":42}},"7":{"start":{"line":15,"column":2},"end":{"line":15,"column":37}},"8":{"start":{"line":17,"column":2},"end":{"line":17,"column":45}},"9":{"start":{"line":19,"column":2},"end":{"line":25,"column":5}},"10":{"start":{"line":26,"column":2},"end":{"line":32,"column":5}},"11":{"start":{"line":33,"column":2},"end":{"line":39,"column":5}},"12":{"start":{"line":41,"column":2},"end":{"line":48,"column":5}},"13":{"start":{"line":49,"column":2},"end":{"line":56,"column":5}},"14":{"start":{"line":57,"column":2},"end":{"line":64,"column":5}},"15":{"start":{"line":65,"column":2},"end":{"line":70,"column":5}},"16":{"start":{"line":71,"column":2},"end":{"line":76,"column":5}},"17":{"start":{"line":77,"column":2},"end":{"line":82,"column":5}},"18":{"start":{"line":84,"column":2},"end":{"line":86,"column":45}},"19":{"start":{"line":88,"column":2},"end":{"line":88,"column":36}},"20":{"start":{"line":92,"column":2},"end":{"line":92,"column":26}},"21":{"start":{"line":96,"column":2},"end":{"line":96,"column":29}},"22":{"start":{"line":100,"column":2},"end":{"line":100,"column":17}},"23":{"start":{"line":103,"column":16},"end":{"line":106,"column":2}},"24":{"start":{"line":108,"column":16},"end":{"line":111,"column":2}},"25":{"start":{"line":113,"column":0},"end":{"line":120,"column":2}}},"fnMap":{"0":{"name":"commonBeforeAll","decl":{"start":{"line":9,"column":15},"end":{"line":9,"column":30}},"loc":{"start":{"line":9,"column":33},"end":{"line":89,"column":1}},"line":9},"1":{"name":"commonBeforeEach","decl":{"start":{"line":91,"column":15},"end":{"line":91,"column":31}},"loc":{"start":{"line":91,"column":34},"end":{"line":93,"column":1}},"line":91},"2":{"name":"commonAfterEach","decl":{"start":{"line":95,"column":15},"end":{"line":95,"column":30}},"loc":{"start":{"line":95,"column":33},"end":{"line":97,"column":1}},"line":95},"3":{"name":"commonAfterAll","decl":{"start":{"line":99,"column":15},"end":{"line":99,"column":29}},"loc":{"start":{"line":99,"column":32},"end":{"line":101,"column":1}},"line":99}},"branchMap":{},"s":{"0":4,"1":4,"2":4,"3":4,"4":4,"5":4,"6":4,"7":4,"8":4,"9":4,"10":4,"11":4,"12":4,"13":4,"14":4,"15":4,"16":4,"17":4,"18":4,"19":4,"20":84,"21":84,"22":4,"23":4,"24":4,"25":4},"f":{"0":4,"1":84,"2":84,"3":4},"b":{},"_coverageSchema":"1a1c01bbd47fc00a2c39e90264f33305004495a9","hash":"a96c4fefafcd03b8c411e0bea8a703b5d6606183"}
,"/Users/staff/Desktop/Katie's Code/CORE COURSE/NODE-JS/Cumulative Project 2/routes/auth.js": {"path":"/Users/staff/Desktop/Katie's Code/CORE COURSE/NODE-JS/Cumulative Project 2/routes/auth.js","statementMap":{"0":{"start":{"line":5,"column":19},"end":{"line":5,"column":40}},"1":{"start":{"line":7,"column":13},"end":{"line":7,"column":38}},"2":{"start":{"line":8,"column":16},"end":{"line":8,"column":34}},"3":{"start":{"line":9,"column":15},"end":{"line":9,"column":35}},"4":{"start":{"line":10,"column":24},"end":{"line":10,"column":52}},"5":{"start":{"line":11,"column":23},"end":{"line":11,"column":58}},"6":{"start":{"line":12,"column":27},"end":{"line":12,"column":66}},"7":{"start":{"line":13,"column":28},"end":{"line":13,"column":54}},"8":{"start":{"line":22,"column":0},"end":{"line":37,"column":3}},"9":{"start":{"line":23,"column":2},"end":{"line":36,"column":3}},"10":{"start":{"line":24,"column":22},"end":{"line":24,"column":67}},"11":{"start":{"line":25,"column":4},"end":{"line":28,"column":5}},"12":{"start":{"line":26,"column":19},"end":{"line":26,"column":53}},"13":{"start":{"line":26,"column":45},"end":{"line":26,"column":52}},"14":{"start":{"line":27,"column":6},"end":{"line":27,"column":38}},"15":{"start":{"line":30,"column":35},"end":{"line":30,"column":43}},"16":{"start":{"line":31,"column":17},"end":{"line":31,"column":60}},"17":{"start":{"line":32,"column":18},"end":{"line":32,"column":35}},"18":{"start":{"line":33,"column":4},"end":{"line":33,"column":31}},"19":{"start":{"line":35,"column":4},"end":{"line":35,"column":21}},"20":{"start":{"line":49,"column":0},"end":{"line":63,"column":3}},"21":{"start":{"line":50,"column":2},"end":{"line":62,"column":3}},"22":{"start":{"line":51,"column":22},"end":{"line":51,"column":71}},"23":{"start":{"line":52,"column":4},"end":{"line":55,"column":5}},"24":{"start":{"line":53,"column":19},"end":{"line":53,"column":53}},"25":{"start":{"line":53,"column":45},"end":{"line":53,"column":52}},"26":{"start":{"line":54,"column":6},"end":{"line":54,"column":38}},"27":{"start":{"line":57,"column":20},"end":{"line":57,"column":72}},"28":{"start":{"line":58,"column":18},"end":{"line":58,"column":38}},"29":{"start":{"line":59,"column":4},"end":{"line":59,"column":43}},"30":{"start":{"line":61,"column":4},"end":{"line":61,"column":21}},"31":{"start":{"line":66,"column":0},"end":{"line":66,"column":24}}},"fnMap":{"0":{"name":"(anonymous_0)","decl":{"start":{"line":22,"column":22},"end":{"line":22,"column":23}},"loc":{"start":{"line":22,"column":54},"end":{"line":37,"column":1}},"line":22},"1":{"name":"(anonymous_1)","decl":{"start":{"line":26,"column":40},"end":{"line":26,"column":41}},"loc":{"start":{"line":26,"column":45},"end":{"line":26,"column":52}},"line":26},"2":{"name":"(anonymous_2)","decl":{"start":{"line":49,"column":25},"end":{"line":49,"column":26}},"loc":{"start":{"line":49,"column":57},"end":{"line":63,"column":1}},"line":49},"3":{"name":"(anonymous_3)","decl":{"start":{"line":53,"column":40},"end":{"line":53,"column":41}},"loc":{"start":{"line":53,"column":45},"end":{"line":53,"column":52}},"line":53}},"branchMap":{"0":{"loc":{"start":{"line":25,"column":4},"end":{"line":28,"column":5}},"type":"if","locations":[{"start":{"line":25,"column":4},"end":{"line":28,"column":5}},{"start":{},"end":{}}],"line":25},"1":{"loc":{"start":{"line":52,"column":4},"end":{"line":55,"column":5}},"type":"if","locations":[{"start":{"line":52,"column":4},"end":{"line":55,"column":5}},{"start":{},"end":{}}],"line":52}},"s":{"0":5,"1":5,"2":5,"3":5,"4":5,"5":5,"6":5,"7":5,"8":5,"9":5,"10":5,"11":5,"12":2,"13":2,"14":2,"15":3,"16":3,"17":1,"18":1,"19":4,"20":5,"21":3,"22":3,"23":3,"24":2,"25":5,"26":2,"27":1,"28":1,"29":1,"30":2,"31":5},"f":{"0":5,"1":2,"2":3,"3":5},"b":{"0":[2,3],"1":[2,1]},"_coverageSchema":"1a1c01bbd47fc00a2c39e90264f33305004495a9","hash":"8c2b3311283f978aa86adece910879bbd2464da6"}
,"/Users/staff/Desktop/Katie's Code/CORE COURSE/NODE-JS/Cumulative Project 2/routes/companies.js": {"path":"/Users/staff/Desktop/Katie's Code/CORE COURSE/NODE-JS/Cumulative Project 2/routes/companies.js","statementMap":{"0":{"start":{"line":5,"column":19},"end":{"line":5,"column":40}},"1":{"start":{"line":6,"column":16},"end":{"line":6,"column":34}},"2":{"start":{"line":8,"column":28},"end":{"line":8,"column":54}},"3":{"start":{"line":9,"column":26},"end":{"line":9,"column":55}},"4":{"start":{"line":10,"column":16},"end":{"line":10,"column":44}},"5":{"start":{"line":12,"column":25},"end":{"line":12,"column":62}},"6":{"start":{"line":13,"column":28},"end":{"line":13,"column":68}},"7":{"start":{"line":14,"column":28},"end":{"line":14,"column":68}},"8":{"start":{"line":16,"column":15},"end":{"line":16,"column":35}},"9":{"start":{"line":27,"column":0},"end":{"line":47,"column":2}},"10":{"start":{"line":31,"column":4},"end":{"line":45,"column":5}},"11":{"start":{"line":32,"column":24},"end":{"line":35,"column":7}},"12":{"start":{"line":36,"column":6},"end":{"line":39,"column":7}},"13":{"start":{"line":37,"column":21},"end":{"line":37,"column":57}},"14":{"start":{"line":37,"column":49},"end":{"line":37,"column":56}},"15":{"start":{"line":38,"column":8},"end":{"line":38,"column":40}},"16":{"start":{"line":41,"column":22},"end":{"line":41,"column":52}},"17":{"start":{"line":42,"column":6},"end":{"line":42,"column":47}},"18":{"start":{"line":44,"column":6},"end":{"line":44,"column":23}},"19":{"start":{"line":60,"column":0},"end":{"line":80,"column":3}},"20":{"start":{"line":61,"column":2},"end":{"line":79,"column":3}},"21":{"start":{"line":62,"column":22},"end":{"line":65,"column":5}},"22":{"start":{"line":66,"column":4},"end":{"line":69,"column":5}},"23":{"start":{"line":67,"column":19},"end":{"line":67,"column":55}},"24":{"start":{"line":67,"column":47},"end":{"line":67,"column":54}},"25":{"start":{"line":68,"column":6},"end":{"line":68,"column":38}},"26":{"start":{"line":70,"column":4},"end":{"line":76,"column":5}},"27":{"start":{"line":71,"column":24},"end":{"line":71,"column":47}},"28":{"start":{"line":72,"column":6},"end":{"line":72,"column":37}},"29":{"start":{"line":74,"column":24},"end":{"line":74,"column":55}},"30":{"start":{"line":75,"column":6},"end":{"line":75,"column":37}},"31":{"start":{"line":78,"column":4},"end":{"line":78,"column":21}},"32":{"start":{"line":90,"column":0},"end":{"line":97,"column":3}},"33":{"start":{"line":91,"column":2},"end":{"line":96,"column":3}},"34":{"start":{"line":92,"column":20},"end":{"line":92,"column":56}},"35":{"start":{"line":93,"column":4},"end":{"line":93,"column":33}},"36":{"start":{"line":95,"column":4},"end":{"line":95,"column":21}},"37":{"start":{"line":110,"column":0},"end":{"line":133,"column":2}},"38":{"start":{"line":114,"column":4},"end":{"line":131,"column":5}},"39":{"start":{"line":115,"column":24},"end":{"line":118,"column":7}},"40":{"start":{"line":119,"column":6},"end":{"line":122,"column":7}},"41":{"start":{"line":120,"column":21},"end":{"line":120,"column":57}},"42":{"start":{"line":120,"column":49},"end":{"line":120,"column":56}},"43":{"start":{"line":121,"column":8},"end":{"line":121,"column":40}},"44":{"start":{"line":124,"column":22},"end":{"line":127,"column":7}},"45":{"start":{"line":128,"column":6},"end":{"line":128,"column":35}},"46":{"start":{"line":130,"column":6},"end":{"line":130,"column":23}},"47":{"start":{"line":140,"column":0},"end":{"line":151,"column":2}},"48":{"start":{"line":144,"column":4},"end":{"line":149,"column":5}},"49":{"start":{"line":145,"column":6},"end":{"line":145,"column":46}},"50":{"start":{"line":146,"column":6},"end":{"line":146,"column":54}},"51":{"start":{"line":148,"column":6},"end":{"line":148,"column":23}},"52":{"start":{"line":153,"column":0},"end":{"line":153,"column":24}}},"fnMap":{"0":{"name":"(anonymous_0)","decl":{"start":{"line":30,"column":2},"end":{"line":30,"column":3}},"loc":{"start":{"line":30,"column":34},"end":{"line":46,"column":3}},"line":30},"1":{"name":"(anonymous_1)","decl":{"start":{"line":37,"column":42},"end":{"line":37,"column":43}},"loc":{"start":{"line":37,"column":49},"end":{"line":37,"column":56}},"line":37},"2":{"name":"(anonymous_2)","decl":{"start":{"line":60,"column":16},"end":{"line":60,"column":17}},"loc":{"start":{"line":60,"column":48},"end":{"line":80,"column":1}},"line":60},"3":{"name":"(anonymous_3)","decl":{"start":{"line":67,"column":40},"end":{"line":67,"column":41}},"loc":{"start":{"line":67,"column":47},"end":{"line":67,"column":54}},"line":67},"4":{"name":"(anonymous_4)","decl":{"start":{"line":90,"column":23},"end":{"line":90,"column":24}},"loc":{"start":{"line":90,"column":55},"end":{"line":97,"column":1}},"line":90},"5":{"name":"(anonymous_5)","decl":{"start":{"line":113,"column":2},"end":{"line":113,"column":3}},"loc":{"start":{"line":113,"column":34},"end":{"line":132,"column":3}},"line":113},"6":{"name":"(anonymous_6)","decl":{"start":{"line":120,"column":42},"end":{"line":120,"column":43}},"loc":{"start":{"line":120,"column":49},"end":{"line":120,"column":56}},"line":120},"7":{"name":"(anonymous_7)","decl":{"start":{"line":143,"column":2},"end":{"line":143,"column":3}},"loc":{"start":{"line":143,"column":34},"end":{"line":150,"column":3}},"line":143}},"branchMap":{"0":{"loc":{"start":{"line":36,"column":6},"end":{"line":39,"column":7}},"type":"if","locations":[{"start":{"line":36,"column":6},"end":{"line":39,"column":7}},{"start":{},"end":{}}],"line":36},"1":{"loc":{"start":{"line":66,"column":4},"end":{"line":69,"column":5}},"type":"if","locations":[{"start":{"line":66,"column":4},"end":{"line":69,"column":5}},{"start":{},"end":{}}],"line":66},"2":{"loc":{"start":{"line":70,"column":4},"end":{"line":76,"column":5}},"type":"if","locations":[{"start":{"line":70,"column":4},"end":{"line":76,"column":5}},{"start":{"line":73,"column":11},"end":{"line":76,"column":5}}],"line":70},"3":{"loc":{"start":{"line":119,"column":6},"end":{"line":122,"column":7}},"type":"if","locations":[{"start":{"line":119,"column":6},"end":{"line":122,"column":7}},{"start":{},"end":{}}],"line":119}},"s":{"0":5,"1":5,"2":5,"3":5,"4":5,"5":5,"6":5,"7":5,"8":5,"9":5,"10":3,"11":3,"12":3,"13":2,"14":3,"15":2,"16":1,"17":1,"18":2,"19":5,"20":5,"21":5,"22":5,"23":1,"24":1,"25":1,"26":4,"27":2,"28":1,"29":2,"30":2,"31":2,"32":5,"33":3,"34":3,"35":2,"36":1,"37":5,"38":4,"39":4,"40":4,"41":2,"42":2,"43":2,"44":2,"45":1,"46":3,"47":5,"48":2,"49":2,"50":1,"51":1,"52":5},"f":{"0":3,"1":3,"2":5,"3":1,"4":3,"5":4,"6":2,"7":2},"b":{"0":[2,1],"1":[1,4],"2":[2,2],"3":[2,2]},"_coverageSchema":"1a1c01bbd47fc00a2c39e90264f33305004495a9","hash":"0064e712f6e7d054d0da7e5e406977d5f985422d"}
,"/Users/staff/Desktop/Katie's Code/CORE COURSE/NODE-JS/Cumulative Project 2/routes/jobs.js": {"path":"/Users/staff/Desktop/Katie's Code/CORE COURSE/NODE-JS/Cumulative Project 2/routes/jobs.js","statementMap":{"0":{"start":{"line":5,"column":19},"end":{"line":5,"column":40}},"1":{"start":{"line":6,"column":16},"end":{"line":6,"column":34}},"2":{"start":{"line":8,"column":28},"end":{"line":8,"column":54}},"3":{"start":{"line":9,"column":26},"end":{"line":9,"column":55}},"4":{"start":{"line":10,"column":12},"end":{"line":10,"column":36}},"5":{"start":{"line":12,"column":21},"end":{"line":12,"column":54}},"6":{"start":{"line":13,"column":24},"end":{"line":13,"column":60}},"7":{"start":{"line":14,"column":24},"end":{"line":14,"column":60}},"8":{"start":{"line":16,"column":15},"end":{"line":16,"column":35}},"9":{"start":{"line":26,"column":0},"end":{"line":46,"column":2}},"10":{"start":{"line":30,"column":4},"end":{"line":44,"column":5}},"11":{"start":{"line":31,"column":24},"end":{"line":34,"column":7}},"12":{"start":{"line":35,"column":6},"end":{"line":38,"column":7}},"13":{"start":{"line":36,"column":21},"end":{"line":36,"column":57}},"14":{"start":{"line":36,"column":49},"end":{"line":36,"column":56}},"15":{"start":{"line":37,"column":8},"end":{"line":37,"column":40}},"16":{"start":{"line":40,"column":18},"end":{"line":40,"column":44}},"17":{"start":{"line":41,"column":6},"end":{"line":41,"column":43}},"18":{"start":{"line":43,"column":6},"end":{"line":43,"column":23}},"19":{"start":{"line":59,"column":0},"end":{"line":80,"column":3}},"20":{"start":{"line":60,"column":2},"end":{"line":79,"column":3}},"21":{"start":{"line":61,"column":22},"end":{"line":64,"column":5}},"22":{"start":{"line":65,"column":4},"end":{"line":68,"column":5}},"23":{"start":{"line":66,"column":19},"end":{"line":66,"column":55}},"24":{"start":{"line":66,"column":47},"end":{"line":66,"column":54}},"25":{"start":{"line":67,"column":6},"end":{"line":67,"column":38}},"26":{"start":{"line":69,"column":4},"end":{"line":76,"column":5}},"27":{"start":{"line":70,"column":19},"end":{"line":70,"column":38}},"28":{"start":{"line":71,"column":6},"end":{"line":71,"column":32}},"29":{"start":{"line":72,"column":6},"end":{"line":72,"column":32}},"30":{"start":{"line":74,"column":19},"end":{"line":74,"column":46}},"31":{"start":{"line":75,"column":6},"end":{"line":75,"column":32}},"32":{"start":{"line":78,"column":4},"end":{"line":78,"column":21}},"33":{"start":{"line":89,"column":0},"end":{"line":96,"column":3}},"34":{"start":{"line":90,"column":2},"end":{"line":95,"column":3}},"35":{"start":{"line":91,"column":16},"end":{"line":91,"column":44}},"36":{"start":{"line":92,"column":4},"end":{"line":92,"column":29}},"37":{"start":{"line":94,"column":4},"end":{"line":94,"column":21}},"38":{"start":{"line":109,"column":0},"end":{"line":129,"column":2}},"39":{"start":{"line":113,"column":4},"end":{"line":127,"column":5}},"40":{"start":{"line":114,"column":24},"end":{"line":117,"column":7}},"41":{"start":{"line":118,"column":6},"end":{"line":121,"column":7}},"42":{"start":{"line":119,"column":21},"end":{"line":119,"column":57}},"43":{"start":{"line":119,"column":49},"end":{"line":119,"column":56}},"44":{"start":{"line":120,"column":8},"end":{"line":120,"column":40}},"45":{"start":{"line":123,"column":18},"end":{"line":123,"column":59}},"46":{"start":{"line":124,"column":6},"end":{"line":124,"column":31}},"47":{"start":{"line":126,"column":6},"end":{"line":126,"column":23}},"48":{"start":{"line":136,"column":0},"end":{"line":147,"column":2}},"49":{"start":{"line":140,"column":4},"end":{"line":145,"column":5}},"50":{"start":{"line":141,"column":6},"end":{"line":141,"column":38}},"51":{"start":{"line":142,"column":6},"end":{"line":142,"column":50}},"52":{"start":{"line":144,"column":6},"end":{"line":144,"column":23}},"53":{"start":{"line":149,"column":0},"end":{"line":149,"column":24}}},"fnMap":{"0":{"name":"(anonymous_0)","decl":{"start":{"line":29,"column":2},"end":{"line":29,"column":3}},"loc":{"start":{"line":29,"column":34},"end":{"line":45,"column":3}},"line":29},"1":{"name":"(anonymous_1)","decl":{"start":{"line":36,"column":42},"end":{"line":36,"column":43}},"loc":{"start":{"line":36,"column":49},"end":{"line":36,"column":56}},"line":36},"2":{"name":"(anonymous_2)","decl":{"start":{"line":59,"column":16},"end":{"line":59,"column":17}},"loc":{"start":{"line":59,"column":48},"end":{"line":80,"column":1}},"line":59},"3":{"name":"(anonymous_3)","decl":{"start":{"line":66,"column":40},"end":{"line":66,"column":41}},"loc":{"start":{"line":66,"column":47},"end":{"line":66,"column":54}},"line":66},"4":{"name":"(anonymous_4)","decl":{"start":{"line":89,"column":19},"end":{"line":89,"column":20}},"loc":{"start":{"line":89,"column":51},"end":{"line":96,"column":1}},"line":89},"5":{"name":"(anonymous_5)","decl":{"start":{"line":112,"column":2},"end":{"line":112,"column":3}},"loc":{"start":{"line":112,"column":34},"end":{"line":128,"column":3}},"line":112},"6":{"name":"(anonymous_6)","decl":{"start":{"line":119,"column":42},"end":{"line":119,"column":43}},"loc":{"start":{"line":119,"column":49},"end":{"line":119,"column":56}},"line":119},"7":{"name":"(anonymous_7)","decl":{"start":{"line":139,"column":2},"end":{"line":139,"column":3}},"loc":{"start":{"line":139,"column":34},"end":{"line":146,"column":3}},"line":139}},"branchMap":{"0":{"loc":{"start":{"line":35,"column":6},"end":{"line":38,"column":7}},"type":"if","locations":[{"start":{"line":35,"column":6},"end":{"line":38,"column":7}},{"start":{},"end":{}}],"line":35},"1":{"loc":{"start":{"line":65,"column":4},"end":{"line":68,"column":5}},"type":"if","locations":[{"start":{"line":65,"column":4},"end":{"line":68,"column":5}},{"start":{},"end":{}}],"line":65},"2":{"loc":{"start":{"line":69,"column":4},"end":{"line":76,"column":5}},"type":"if","locations":[{"start":{"line":69,"column":4},"end":{"line":76,"column":5}},{"start":{"line":73,"column":11},"end":{"line":76,"column":5}}],"line":69},"3":{"loc":{"start":{"line":118,"column":6},"end":{"line":121,"column":7}},"type":"if","locations":[{"start":{"line":118,"column":6},"end":{"line":121,"column":7}},{"start":{},"end":{}}],"line":118}},"s":{"0":5,"1":5,"2":5,"3":5,"4":5,"5":5,"6":5,"7":5,"8":5,"9":5,"10":3,"11":3,"12":3,"13":2,"14":4,"15":2,"16":1,"17":1,"18":2,"19":5,"20":5,"21":5,"22":5,"23":1,"24":1,"25":1,"26":4,"27":2,"28":1,"29":1,"30":2,"31":2,"32":2,"33":5,"34":2,"35":2,"36":1,"37":1,"38":5,"39":4,"40":4,"41":4,"42":2,"43":2,"44":2,"45":2,"46":1,"47":3,"48":5,"49":2,"50":2,"51":1,"52":1,"53":5},"f":{"0":3,"1":4,"2":5,"3":1,"4":2,"5":4,"6":2,"7":2},"b":{"0":[2,1],"1":[1,4],"2":[2,2],"3":[2,2]},"_coverageSchema":"1a1c01bbd47fc00a2c39e90264f33305004495a9","hash":"6270c256be6fd788cafbefbf15aa417c9b85dc45"}
,"/Users/staff/Desktop/Katie's Code/CORE COURSE/NODE-JS/Cumulative Project 2/routes/users.js": {"path":"/Users/staff/Desktop/Katie's Code/CORE COURSE/NODE-JS/Cumulative Project 2/routes/users.js","statementMap":{"0":{"start":{"line":5,"column":19},"end":{"line":5,"column":40}},"1":{"start":{"line":7,"column":16},"end":{"line":7,"column":34}},"2":{"start":{"line":11,"column":4},"end":{"line":11,"column":33}},"3":{"start":{"line":15,"column":4},"end":{"line":15,"column":30}},"4":{"start":{"line":16,"column":13},"end":{"line":16,"column":38}},"5":{"start":{"line":17,"column":24},"end":{"line":17,"column":52}},"6":{"start":{"line":18,"column":22},"end":{"line":18,"column":56}},"7":{"start":{"line":19,"column":25},"end":{"line":19,"column":62}},"8":{"start":{"line":21,"column":15},"end":{"line":21,"column":31}},"9":{"start":{"line":35,"column":0},"end":{"line":56,"column":2}},"10":{"start":{"line":39,"column":4},"end":{"line":54,"column":5}},"11":{"start":{"line":40,"column":24},"end":{"line":43,"column":7}},"12":{"start":{"line":44,"column":6},"end":{"line":47,"column":7}},"13":{"start":{"line":45,"column":21},"end":{"line":45,"column":57}},"14":{"start":{"line":45,"column":49},"end":{"line":45,"column":56}},"15":{"start":{"line":46,"column":8},"end":{"line":46,"column":40}},"16":{"start":{"line":49,"column":19},"end":{"line":49,"column":48}},"17":{"start":{"line":50,"column":20},"end":{"line":50,"column":37}},"18":{"start":{"line":51,"column":6},"end":{"line":51,"column":51}},"19":{"start":{"line":53,"column":6},"end":{"line":53,"column":23}},"20":{"start":{"line":65,"column":0},"end":{"line":76,"column":2}},"21":{"start":{"line":69,"column":4},"end":{"line":74,"column":5}},"22":{"start":{"line":70,"column":20},"end":{"line":70,"column":40}},"23":{"start":{"line":71,"column":6},"end":{"line":71,"column":33}},"24":{"start":{"line":73,"column":6},"end":{"line":73,"column":23}},"25":{"start":{"line":86,"column":0},"end":{"line":104,"column":2}},"26":{"start":{"line":90,"column":4},"end":{"line":102,"column":5}},"27":{"start":{"line":91,"column":6},"end":{"line":99,"column":7}},"28":{"start":{"line":95,"column":8},"end":{"line":95,"column":38}},"29":{"start":{"line":97,"column":21},"end":{"line":97,"column":56}},"30":{"start":{"line":98,"column":8},"end":{"line":98,"column":34}},"31":{"start":{"line":101,"column":6},"end":{"line":101,"column":23}},"32":{"start":{"line":112,"column":0},"end":{"line":136,"column":2}},"33":{"start":{"line":116,"column":4},"end":{"line":134,"column":5}},"34":{"start":{"line":117,"column":6},"end":{"line":122,"column":7}},"35":{"start":{"line":121,"column":8},"end":{"line":121,"column":38}},"36":{"start":{"line":124,"column":26},"end":{"line":127,"column":7}},"37":{"start":{"line":128,"column":6},"end":{"line":128,"column":52}},"38":{"start":{"line":129,"column":6},"end":{"line":131,"column":9}},"39":{"start":{"line":133,"column":6},"end":{"line":133,"column":23}},"40":{"start":{"line":148,"column":0},"end":{"line":178,"column":2}},"41":{"start":{"line":152,"column":4},"end":{"line":176,"column":5}},"42":{"start":{"line":153,"column":6},"end":{"line":173,"column":7}},"43":{"start":{"line":157,"column":8},"end":{"line":157,"column":38}},"44":{"start":{"line":159,"column":26},"end":{"line":162,"column":9}},"45":{"start":{"line":163,"column":8},"end":{"line":166,"column":9}},"46":{"start":{"line":164,"column":23},"end":{"line":164,"column":59}},"47":{"start":{"line":164,"column":51},"end":{"line":164,"column":58}},"48":{"start":{"line":165,"column":10},"end":{"line":165,"column":42}},"49":{"start":{"line":168,"column":21},"end":{"line":171,"column":9}},"50":{"start":{"line":172,"column":8},"end":{"line":172,"column":34}},"51":{"start":{"line":175,"column":6},"end":{"line":175,"column":23}},"52":{"start":{"line":185,"column":0},"end":{"line":203,"column":2}},"53":{"start":{"line":189,"column":4},"end":{"line":201,"column":5}},"54":{"start":{"line":190,"column":6},"end":{"line":198,"column":7}},"55":{"start":{"line":194,"column":8},"end":{"line":194,"column":38}},"56":{"start":{"line":196,"column":8},"end":{"line":196,"column":47}},"57":{"start":{"line":197,"column":8},"end":{"line":197,"column":58}},"58":{"start":{"line":200,"column":6},"end":{"line":200,"column":23}},"59":{"start":{"line":205,"column":0},"end":{"line":205,"column":24}}},"fnMap":{"0":{"name":"(anonymous_0)","decl":{"start":{"line":38,"column":2},"end":{"line":38,"column":3}},"loc":{"start":{"line":38,"column":34},"end":{"line":55,"column":3}},"line":38},"1":{"name":"(anonymous_1)","decl":{"start":{"line":45,"column":42},"end":{"line":45,"column":43}},"loc":{"start":{"line":45,"column":49},"end":{"line":45,"column":56}},"line":45},"2":{"name":"(anonymous_2)","decl":{"start":{"line":68,"column":2},"end":{"line":68,"column":3}},"loc":{"start":{"line":68,"column":34},"end":{"line":75,"column":3}},"line":68},"3":{"name":"(anonymous_3)","decl":{"start":{"line":89,"column":2},"end":{"line":89,"column":3}},"loc":{"start":{"line":89,"column":34},"end":{"line":103,"column":3}},"line":89},"4":{"name":"(anonymous_4)","decl":{"start":{"line":115,"column":2},"end":{"line":115,"column":3}},"loc":{"start":{"line":115,"column":34},"end":{"line":135,"column":3}},"line":115},"5":{"name":"(anonymous_5)","decl":{"start":{"line":151,"column":2},"end":{"line":151,"column":3}},"loc":{"start":{"line":151,"column":34},"end":{"line":177,"column":3}},"line":151},"6":{"name":"(anonymous_6)","decl":{"start":{"line":164,"column":44},"end":{"line":164,"column":45}},"loc":{"start":{"line":164,"column":51},"end":{"line":164,"column":58}},"line":164},"7":{"name":"(anonymous_7)","decl":{"start":{"line":188,"column":2},"end":{"line":188,"column":3}},"loc":{"start":{"line":188,"column":34},"end":{"line":202,"column":3}},"line":188}},"branchMap":{"0":{"loc":{"start":{"line":44,"column":6},"end":{"line":47,"column":7}},"type":"if","locations":[{"start":{"line":44,"column":6},"end":{"line":47,"column":7}},{"start":{},"end":{}}],"line":44},"1":{"loc":{"start":{"line":91,"column":6},"end":{"line":99,"column":7}},"type":"if","locations":[{"start":{"line":91,"column":6},"end":{"line":99,"column":7}},{"start":{"line":96,"column":13},"end":{"line":99,"column":7}}],"line":91},"2":{"loc":{"start":{"line":92,"column":8},"end":{"line":93,"column":32}},"type":"binary-expr","locations":[{"start":{"line":92,"column":8},"end":{"line":92,"column":56}},{"start":{"line":93,"column":8},"end":{"line":93,"column":32}}],"line":92},"3":{"loc":{"start":{"line":117,"column":6},"end":{"line":122,"column":7}},"type":"if","locations":[{"start":{"line":117,"column":6},"end":{"line":122,"column":7}},{"start":{},"end":{}}],"line":117},"4":{"loc":{"start":{"line":118,"column":8},"end":{"line":119,"column":32}},"type":"binary-expr","locations":[{"start":{"line":118,"column":8},"end":{"line":118,"column":56}},{"start":{"line":119,"column":8},"end":{"line":119,"column":32}}],"line":118},"5":{"loc":{"start":{"line":153,"column":6},"end":{"line":173,"column":7}},"type":"if","locations":[{"start":{"line":153,"column":6},"end":{"line":173,"column":7}},{"start":{"line":158,"column":13},"end":{"line":173,"column":7}}],"line":153},"6":{"loc":{"start":{"line":154,"column":8},"end":{"line":155,"column":32}},"type":"binary-expr","locations":[{"start":{"line":154,"column":8},"end":{"line":154,"column":56}},{"start":{"line":155,"column":8},"end":{"line":155,"column":32}}],"line":154},"7":{"loc":{"start":{"line":163,"column":8},"end":{"line":166,"column":9}},"type":"if","locations":[{"start":{"line":163,"column":8},"end":{"line":166,"column":9}},{"start":{},"end":{}}],"line":163},"8":{"loc":{"start":{"line":190,"column":6},"end":{"line":198,"column":7}},"type":"if","locations":[{"start":{"line":190,"column":6},"end":{"line":198,"column":7}},{"start":{"line":195,"column":13},"end":{"line":198,"column":7}}],"line":190},"9":{"loc":{"start":{"line":191,"column":8},"end":{"line":192,"column":32}},"type":"binary-expr","locations":[{"start":{"line":191,"column":8},"end":{"line":191,"column":56}},{"start":{"line":192,"column":8},"end":{"line":192,"column":32}}],"line":191}},"s":{"0":5,"1":5,"2":5,"3":5,"4":5,"5":5,"6":5,"7":5,"8":5,"9":5,"10":4,"11":4,"12":4,"13":2,"14":5,"15":2,"16":2,"17":2,"18":2,"19":2,"20":5,"21":2,"22":2,"23":1,"24":1,"25":5,"26":4,"27":4,"28":1,"29":3,"30":2,"31":2,"32":5,"33":5,"34":5,"35":1,"36":4,"37":2,"38":2,"39":3,"40":5,"41":6,"42":6,"43":1,"44":5,"45":5,"46":1,"47":1,"48":1,"49":4,"50":3,"51":3,"52":5,"53":4,"54":4,"55":1,"56":3,"57":2,"58":2,"59":5},"f":{"0":4,"1":5,"2":2,"3":4,"4":5,"5":6,"6":1,"7":4},"b":{"0":[2,2],"1":[1,3],"2":[4,3],"3":[1,4],"4":[5,3],"5":[1,5],"6":[6,3],"7":[1,4],"8":[1,3],"9":[4,3]},"_coverageSchema":"1a1c01bbd47fc00a2c39e90264f33305004495a9","hash":"445a4c4f59290694940711a99a7da803d18e26bf"}
}
