TN:
SF:app.js
FN:31,(anonymous_0)
FN:36,(anonymous_1)
FNF:2
FNH:2
FNDA:2,(anonymous_0)
FNDA:57,(anonymous_1)
DA:5,5
DA:6,5
DA:8,5
DA:10,5
DA:11,5
DA:12,5
DA:13,5
DA:14,5
DA:16,5
DA:18,5
DA:20,5
DA:21,5
DA:22,5
DA:23,5
DA:25,5
DA:26,5
DA:27,5
DA:28,5
DA:31,5
DA:32,2
DA:36,5
DA:37,57
DA:38,1
DA:39,57
DA:40,57
DA:42,57
DA:47,5
LF:27
LH:27
BRDA:37,0,0,1
BRDA:37,0,1,56
BRDA:39,1,0,57
BRDA:39,1,1,3
BRF:4
BRH:4
end_of_record
TN:
SF:config.js
FN:13,getDatabaseUri
FNF:1
FNH:1
FNDA:22,getDatabaseUri
DA:5,11
DA:6,11
DA:8,11
DA:10,11
DA:14,22
DA:22,11
DA:24,11
DA:25,11
DA:26,11
DA:27,11
DA:28,11
DA:29,11
DA:31,11
LF:13
LH:13
BRDA:8,0,0,11
BRDA:8,0,1,10
BRDA:10,1,0,11
BRDA:10,1,1,10
BRDA:14,2,0,19
BRDA:14,2,1,3
BRDA:16,3,0,3
BRDA:16,3,1,1
BRDA:22,4,0,10
BRDA:22,4,1,1
BRF:10
BRH:10
end_of_record
TN:
SF:db.js
FNF:0
FNH:0
DA:3,8
DA:4,8
DA:8,8
DA:9,0
DA:16,8
DA:21,8
DA:23,8
LF:7
LH:6
BRDA:8,0,0,0
BRDA:8,0,1,8
BRF:2
BRH:1
end_of_record
TN:
SF:expressError.js
FN:8,(anonymous_0)
FN:18,(anonymous_1)
FN:26,(anonymous_2)
FN:34,(anonymous_3)
FN:42,(anonymous_4)
FNF:5
FNH:4
FNDA:76,(anonymous_0)
FNDA:24,(anonymous_1)
FNDA:28,(anonymous_2)
FNDA:24,(anonymous_3)
FNDA:0,(anonymous_4)
DA:9,76
DA:10,76
DA:11,76
DA:19,24
DA:27,28
DA:35,24
DA:43,0
DA:47,10
LF:8
LH:7
BRDA:18,0,0,2
BRDA:26,1,0,24
BRDA:34,2,0,0
BRDA:42,3,0,0
BRF:4
BRH:2
end_of_record
TN:
SF:helpers/sql.js
FN:17,sqlForPartialUpdate
FN:24,(anonymous_1)
FNF:2
FNH:2
FNDA:23,sqlForPartialUpdate
FNDA:39,(anonymous_1)
DA:1,9
DA:18,23
DA:19,23
DA:20,4
DA:23,19
DA:25,39
DA:28,19
DA:34,9
LF:8
LH:8
BRDA:19,0,0,4
BRDA:19,0,1,19
BRDA:25,1,0,39
BRDA:25,1,1,24
BRF:4
BRH:4
end_of_record
TN:
SF:helpers/tokens.js
FN:6,createToken
FNF:1
FNH:1
FNDA:15,createToken
DA:1,6
DA:2,6
DA:7,15
DA:10,15
DA:15,15
DA:18,6
LF:6
LH:6
BRDA:12,0,0,15
BRDA:12,0,1,8
BRF:2
BRH:2
end_of_record
TN:
SF:middleware/auth.js
FN:17,authenticateJWT
FN:39,ensureLoggedIn
FN:52,ensureIsAdmin
FNF:3
FNH:3
FNDA:89,authenticateJWT
FNDA:25,ensureLoggedIn
FNDA:40,ensureIsAdmin
DA:5,6
DA:6,6
DA:7,6
DA:18,89
DA:20,89
DA:21,89
DA:22,55
DA:25,55
DA:26,54
DA:28,88
DA:30,1
DA:40,25
DA:41,25
DA:42,20
DA:44,5
DA:53,40
DA:54,40
DA:55,6
DA:57,34
DA:58,9
DA:59,25
DA:61,15
DA:65,6
LF:23
LH:23
BRDA:20,0,0,89
BRDA:20,0,1,88
BRDA:21,1,0,55
BRDA:21,1,1,34
BRDA:41,2,0,5
BRDA:41,2,1,20
BRDA:54,3,0,6
BRDA:54,3,1,34
BRDA:57,4,0,9
BRDA:57,4,1,25
BRF:10
BRH:10
end_of_record
TN:
SF:models/_testCommon.js
FN:6,commonBeforeAll
FN:52,commonBeforeEach
FN:56,commonAfterEach
FN:60,commonAfterAll
FNF:4
FNH:4
FNDA:3,commonBeforeAll
FNDA:50,commonBeforeEach
FNDA:50,commonAfterEach
FNDA:3,commonAfterAll
DA:1,3
DA:3,3
DA:4,3
DA:8,3
DA:10,3
DA:12,3
DA:14,3
DA:16,3
DA:22,3
DA:38,3
DA:44,3
DA:48,3
DA:53,50
DA:57,50
DA:61,3
DA:64,3
LF:16
LH:16
BRF:0
BRH:0
end_of_record
TN:
SF:models/company.js
FN:22,(anonymous_0)
FN:58,(anonymous_1)
FN:79,(anonymous_2)
FN:104,(anonymous_3)
FN:139,(anonymous_4)
FN:175,(anonymous_5)
FN:237,(anonymous_6)
FNF:7
FNH:7
FNDA:16,(anonymous_0)
FNDA:3,(anonymous_1)
FNDA:6,(anonymous_2)
FNDA:6,(anonymous_3)
FNDA:6,(anonymous_4)
FNDA:7,(anonymous_5)
FNDA:4,(anonymous_6)
DA:3,6
DA:7,6
DA:8,6
DA:29,16
DA:36,16
DA:37,1
DA:41,15
DA:48,15
DA:50,15
DA:59,3
DA:68,2
DA:80,6
DA:97,6
DA:98,2
DA:102,4
DA:104,4
DA:105,6
DA:113,4
DA:114,2
DA:116,4
DA:124,4
DA:140,6
DA:144,5
DA:146,5
DA:154,5
DA:158,5
DA:160,5
DA:161,2
DA:163,3
DA:176,7
DA:178,7
DA:179,4
DA:182,7
DA:184,2
DA:185,1
DA:189,1
DA:193,5
DA:194,2
DA:197,3
DA:198,1
DA:203,6
DA:204,2
DA:205,2
DA:213,2
DA:214,2
DA:215,2
DA:217,4
DA:226,4
DA:227,4
DA:228,4
DA:238,4
DA:245,4
DA:247,4
DA:248,2
DA:252,6
LF:55
LH:55
BRDA:36,0,0,1
BRDA:36,0,1,15
BRDA:97,1,0,2
BRDA:97,1,1,4
BRDA:113,2,0,2
BRDA:113,2,1,2
BRDA:160,3,0,2
BRDA:160,3,1,3
BRDA:178,4,0,4
BRDA:178,4,1,3
BRDA:182,5,0,2
BRDA:182,5,1,5
BRDA:182,6,0,7
BRDA:182,6,1,4
BRDA:184,7,0,1
BRDA:184,7,1,1
BRDA:193,8,0,2
BRDA:193,8,1,3
BRDA:197,9,0,1
BRDA:197,9,1,2
BRDA:203,10,0,2
BRDA:203,10,1,4
BRDA:247,11,0,2
BRDA:247,11,1,2
BRF:24
BRH:24
end_of_record
TN:
SF:models/job.js
FN:22,(anonymous_0)
FN:43,(anonymous_1)
FN:59,(anonymous_2)
FN:113,(anonymous_3)
FN:139,(anonymous_4)
FN:169,(anonymous_5)
FNF:6
FNH:6
FNDA:14,(anonymous_0)
FNDA:4,(anonymous_1)
FNDA:7,(anonymous_2)
FNDA:4,(anonymous_3)
FNDA:6,(anonymous_4)
FNDA:4,(anonymous_5)
DA:3,6
DA:7,6
DA:8,6
DA:28,14
DA:35,14
DA:36,14
DA:44,4
DA:48,3
DA:60,7
DA:61,7
DA:63,7
DA:64,2
DA:67,7
DA:68,3
DA:71,7
DA:72,3
DA:75,7
DA:76,7
DA:77,2
DA:78,2
DA:79,2
DA:86,2
DA:87,2
DA:88,2
DA:89,5
DA:90,1
DA:91,1
DA:93,4
DA:101,4
DA:102,4
DA:103,4
DA:114,4
DA:119,4
DA:121,4
DA:122,2
DA:125,2
DA:140,6
DA:144,5
DA:146,5
DA:154,5
DA:158,5
DA:160,5
DA:162,3
DA:170,4
DA:175,4
DA:177,4
DA:181,6
LF:47
LH:47
BRDA:63,0,0,2
BRDA:63,0,1,5
BRDA:67,1,0,3
BRDA:67,1,1,4
BRDA:71,2,0,3
BRDA:71,2,1,4
BRDA:76,3,0,2
BRDA:76,3,1,5
BRDA:89,4,0,1
BRDA:89,4,1,4
BRDA:121,5,0,2
BRDA:121,5,1,2
BRDA:160,6,0,2
BRDA:160,6,1,3
BRDA:177,7,0,2
BRDA:177,7,1,2
BRF:16
BRH:16
end_of_record
TN:
SF:models/user.js
FN:24,(anonymous_0)
FN:64,(anonymous_1)
FN:120,(anonymous_2)
FN:142,(anonymous_3)
FN:176,(anonymous_4)
FN:219,(anonymous_5)
FN:257,(anonymous_6)
FNF:7
FNH:7
FNDA:7,(anonymous_0)
FNDA:19,(anonymous_1)
FNDA:3,(anonymous_2)
FNDA:6,(anonymous_3)
FNDA:11,(anonymous_4)
FNDA:8,(anonymous_5)
FNDA:5,(anonymous_6)
DA:3,6
DA:4,6
DA:5,6
DA:10,6
DA:12,6
DA:26,7
DA:38,7
DA:40,7
DA:42,4
DA:46,4
DA:47,3
DA:48,3
DA:52,4
DA:72,19
DA:79,19
DA:80,1
DA:85,18
DA:90,18
DA:110,18
DA:112,18
DA:121,3
DA:131,2
DA:143,6
DA:160,6
DA:162,6
DA:163,2
DA:165,4
DA:177,11
DA:181,11
DA:182,2
DA:184,9
DA:188,9
DA:189,2
DA:191,7
DA:197,7
DA:199,7
DA:220,8
DA:221,2
DA:227,8
DA:232,7
DA:234,7
DA:242,7
DA:246,7
DA:248,7
DA:249,2
DA:251,5
DA:252,5
DA:258,5
DA:265,5
DA:267,5
DA:268,2
DA:272,6
LF:52
LH:52
BRDA:40,0,0,4
BRDA:40,0,1,3
BRDA:46,1,0,3
BRDA:46,1,1,1
BRDA:79,2,0,1
BRDA:79,2,1,18
BRDA:162,3,0,2
BRDA:162,3,1,4
BRDA:181,4,0,2
BRDA:181,4,1,9
BRDA:188,5,0,2
BRDA:188,5,1,7
BRDA:220,6,0,2
BRDA:220,6,1,6
BRDA:248,7,0,2
BRDA:248,7,1,5
BRDA:267,8,0,2
BRDA:267,8,1,3
BRF:18
BRH:18
end_of_record
TN:
SF:routes/_testCommon.js
FN:9,commonBeforeAll
FN:91,commonBeforeEach
FN:95,commonAfterEach
FN:99,commonAfterAll
FNF:4
FNH:4
FNDA:4,commonBeforeAll
FNDA:84,commonBeforeEach
FNDA:84,commonAfterEach
FNDA:4,commonAfterAll
DA:3,4
DA:4,4
DA:5,4
DA:6,4
DA:7,4
DA:11,4
DA:13,4
DA:15,4
DA:17,4
DA:19,4
DA:26,4
DA:33,4
DA:41,4
DA:49,4
DA:57,4
DA:65,4
DA:71,4
DA:77,4
DA:84,4
DA:88,4
DA:92,84
DA:96,84
DA:100,4
DA:103,4
DA:108,4
DA:113,4
LF:26
LH:26
BRF:0
BRH:0
end_of_record
TN:
SF:routes/auth.js
FN:22,(anonymous_0)
FN:26,(anonymous_1)
FN:49,(anonymous_2)
FN:53,(anonymous_3)
FNF:4
FNH:4
FNDA:5,(anonymous_0)
FNDA:2,(anonymous_1)
FNDA:3,(anonymous_2)
FNDA:5,(anonymous_3)
DA:5,5
DA:7,5
DA:8,5
DA:9,5
DA:10,5
DA:11,5
DA:12,5
DA:13,5
DA:22,5
DA:23,5
DA:24,5
DA:25,5
DA:26,2
DA:27,2
DA:30,3
DA:31,3
DA:32,1
DA:33,1
DA:35,4
DA:49,5
DA:50,3
DA:51,3
DA:52,3
DA:53,5
DA:54,2
DA:57,1
DA:58,1
DA:59,1
DA:61,2
DA:66,5
LF:30
LH:30
BRDA:25,0,0,2
BRDA:25,0,1,3
BRDA:52,1,0,2
BRDA:52,1,1,1
BRF:4
BRH:4
end_of_record
TN:
SF:routes/companies.js
FN:30,(anonymous_0)
FN:37,(anonymous_1)
FN:60,(anonymous_2)
FN:67,(anonymous_3)
FN:90,(anonymous_4)
FN:113,(anonymous_5)
FN:120,(anonymous_6)
FN:143,(anonymous_7)
FNF:8
FNH:8
FNDA:3,(anonymous_0)
FNDA:3,(anonymous_1)
FNDA:5,(anonymous_2)
FNDA:1,(anonymous_3)
FNDA:3,(anonymous_4)
FNDA:4,(anonymous_5)
FNDA:2,(anonymous_6)
FNDA:2,(anonymous_7)
DA:5,5
DA:6,5
DA:8,5
DA:9,5
DA:10,5
DA:12,5
DA:13,5
DA:14,5
DA:16,5
DA:27,5
DA:31,3
DA:32,3
DA:36,3
DA:37,3
DA:38,2
DA:41,1
DA:42,1
DA:44,2
DA:60,5
DA:61,5
DA:62,5
DA:66,5
DA:67,1
DA:68,1
DA:70,4
DA:71,2
DA:72,1
DA:74,2
DA:75,2
DA:78,2
DA:90,5
DA:91,3
DA:92,3
DA:93,2
DA:95,1
DA:110,5
DA:114,4
DA:115,4
DA:119,4
DA:120,2
DA:121,2
DA:124,2
DA:128,1
DA:130,3
DA:140,5
DA:144,2
DA:145,2
DA:146,1
DA:148,1
DA:153,5
LF:50
LH:50
BRDA:36,0,0,2
BRDA:36,0,1,1
BRDA:66,1,0,1
BRDA:66,1,1,4
BRDA:70,2,0,2
BRDA:70,2,1,2
BRDA:119,3,0,2
BRDA:119,3,1,2
BRF:8
BRH:8
end_of_record
TN:
SF:routes/jobs.js
FN:29,(anonymous_0)
FN:36,(anonymous_1)
FN:59,(anonymous_2)
FN:66,(anonymous_3)
FN:89,(anonymous_4)
FN:112,(anonymous_5)
FN:119,(anonymous_6)
FN:139,(anonymous_7)
FNF:8
FNH:8
FNDA:3,(anonymous_0)
FNDA:4,(anonymous_1)
FNDA:5,(anonymous_2)
FNDA:1,(anonymous_3)
FNDA:2,(anonymous_4)
FNDA:4,(anonymous_5)
FNDA:2,(anonymous_6)
FNDA:2,(anonymous_7)
DA:5,5
DA:6,5
DA:8,5
DA:9,5
DA:10,5
DA:12,5
DA:13,5
DA:14,5
DA:16,5
DA:26,5
DA:30,3
DA:31,3
DA:35,3
DA:36,4
DA:37,2
DA:40,1
DA:41,1
DA:43,2
DA:59,5
DA:60,5
DA:61,5
DA:65,5
DA:66,1
DA:67,1
DA:69,4
DA:70,2
DA:71,1
DA:72,1
DA:74,2
DA:75,2
DA:78,2
DA:89,5
DA:90,2
DA:91,2
DA:92,1
DA:94,1
DA:109,5
DA:113,4
DA:114,4
DA:118,4
DA:119,2
DA:120,2
DA:123,2
DA:124,1
DA:126,3
DA:136,5
DA:140,2
DA:141,2
DA:142,1
DA:144,1
DA:149,5
LF:51
LH:51
BRDA:35,0,0,2
BRDA:35,0,1,1
BRDA:65,1,0,1
BRDA:65,1,1,4
BRDA:69,2,0,2
BRDA:69,2,1,2
BRDA:118,3,0,2
BRDA:118,3,1,2
BRF:8
BRH:8
end_of_record
TN:
SF:routes/users.js
FN:38,(anonymous_0)
FN:45,(anonymous_1)
FN:68,(anonymous_2)
FN:89,(anonymous_3)
FN:115,(anonymous_4)
FN:151,(anonymous_5)
FN:164,(anonymous_6)
FN:188,(anonymous_7)
FNF:8
FNH:8
FNDA:4,(anonymous_0)
FNDA:5,(anonymous_1)
FNDA:2,(anonymous_2)
FNDA:4,(anonymous_3)
FNDA:5,(anonymous_4)
FNDA:6,(anonymous_5)
FNDA:1,(anonymous_6)
FNDA:4,(anonymous_7)
DA:5,5
DA:7,5
DA:11,5
DA:15,5
DA:16,5
DA:17,5
DA:18,5
DA:19,5
DA:21,5
DA:35,5
DA:39,4
DA:40,4
DA:44,4
DA:45,5
DA:46,2
DA:49,2
DA:50,2
DA:51,2
DA:53,2
DA:65,5
DA:69,2
DA:70,2
DA:71,1
DA:73,1
DA:86,5
DA:90,4
DA:91,4
DA:95,1
DA:97,3
DA:98,2
DA:101,2
DA:112,5
DA:116,5
DA:117,5
DA:121,1
DA:124,4
DA:128,2
DA:129,2
DA:133,3
DA:148,5
DA:152,6
DA:153,6
DA:157,1
DA:159,5
DA:163,5
DA:164,1
DA:165,1
DA:168,4
DA:172,3
DA:175,3
DA:185,5
DA:189,4
DA:190,4
DA:194,1
DA:196,3
DA:197,2
DA:200,2
DA:205,5
LF:58
LH:58
BRDA:44,0,0,2
BRDA:44,0,1,2
BRDA:91,1,0,1
BRDA:91,1,1,3
BRDA:92,2,0,4
BRDA:92,2,1,3
BRDA:117,3,0,1
BRDA:117,3,1,4
BRDA:118,4,0,5
BRDA:118,4,1,3
BRDA:153,5,0,1
BRDA:153,5,1,5
BRDA:154,6,0,6
BRDA:154,6,1,3
BRDA:163,7,0,1
BRDA:163,7,1,4
BRDA:190,8,0,1
BRDA:190,8,1,3
BRDA:191,9,0,4
BRDA:191,9,1,3
BRF:20
BRH:20
end_of_record
